2025-02-22 09:27:30.926 [info] Extension host with pid 137691 started
2025-02-22 09:27:30.927 [error] Error: EEXIST: file already exists, open '/home/neoweb/.vscode-server/data/User/workspaceStorage/1e348afde0b44d0d2158dc5a2b784ea6/vscode.lock'
2025-02-22 09:27:30.929 [info] Lock '/home/neoweb/.vscode-server/data/User/workspaceStorage/1e348afde0b44d0d2158dc5a2b784ea6/vscode.lock': Could not acquire lock, checking if the file is stale.
2025-02-22 09:27:30.934 [info] Lock '/home/neoweb/.vscode-server/data/User/workspaceStorage/1e348afde0b44d0d2158dc5a2b784ea6/vscode.lock': The pid 131087 appears to be gone.
2025-02-22 09:27:30.934 [info] Lock '/home/neoweb/.vscode-server/data/User/workspaceStorage/1e348afde0b44d0d2158dc5a2b784ea6/vscode.lock': Deleting a stale lock.
2025-02-22 09:27:30.940 [info] Lock '/home/neoweb/.vscode-server/data/User/workspaceStorage/1e348afde0b44d0d2158dc5a2b784ea6/vscode.lock': Lock acquired.
2025-02-22 09:27:31.391 [info] ExtensionService#_doActivateExtension vscode.git-base, startup: false, activationEvent: '*', root cause: vscode.git
2025-02-22 09:27:32.269 [info] ExtensionService#_doActivateExtension vscode.git, startup: false, activationEvent: '*'
2025-02-22 09:27:32.270 [info] ExtensionService#_doActivateExtension vscode.github, startup: false, activationEvent: '*'
2025-02-22 09:27:32.866 [info] Eager extensions activated
2025-02-22 09:27:32.866 [info] ExtensionService#_doActivateExtension vscode.debug-auto-launch, startup: false, activationEvent: 'onStartupFinished'
2025-02-22 09:27:32.867 [info] ExtensionService#_doActivateExtension vscode.merge-conflict, startup: false, activationEvent: 'onStartupFinished'
2025-02-22 09:27:34.126 [info] ExtensionService#_doActivateExtension vscode.configuration-editing, startup: false, activationEvent: 'onLanguage:jsonc'
2025-02-22 09:27:34.126 [info] ExtensionService#_doActivateExtension vscode.json-language-features, startup: false, activationEvent: 'onLanguage:jsonc'
2025-02-22 09:27:34.127 [info] ExtensionService#_doActivateExtension vscode.typescript-language-features, startup: false, activationEvent: 'onLanguage:jsonc'
2025-02-22 09:27:34.127 [info] ExtensionService#_doActivateExtension vscode.emmet, startup: false, activationEvent: 'onLanguage'
2025-02-22 09:37:50.401 [info] ExtensionService#_doActivateExtension vscode.npm, startup: false, activationEvent: 'onTerminalQuickFixRequest:ms-vscode.npm-command'
2025-02-22 09:53:34.614 [warning] [Decorations] CAPPING events from decorations provider vscode.git 1163
2025-02-22 09:53:34.916 [warning] [Decorations] CAPPING events from decorations provider vscode.git 1163
2025-02-22 09:53:35.210 [info] ExtensionService#_doActivateExtension vscode.extension-editing, startup: false, activationEvent: 'onLanguage:markdown'
2025-02-22 09:53:35.210 [info] ExtensionService#_doActivateExtension vscode.markdown-language-features, startup: false, activationEvent: 'onLanguage:markdown'
2025-02-22 09:53:36.109 [info] ExtensionService#_doActivateExtension vscode.markdown-math, startup: false, activationEvent: 'api', root cause: vscode.markdown-language-features
2025-02-22 09:54:46.041 [info] Extension host with pid 138224 started
2025-02-22 09:54:46.041 [error] Error: EEXIST: file already exists, open '/home/neoweb/.vscode-server/data/User/workspaceStorage/1e348afde0b44d0d2158dc5a2b784ea6/vscode.lock'
2025-02-22 09:54:46.043 [info] Lock '/home/neoweb/.vscode-server/data/User/workspaceStorage/1e348afde0b44d0d2158dc5a2b784ea6/vscode.lock': Could not acquire lock, checking if the file is stale.
2025-02-22 09:54:46.047 [info] Lock '/home/neoweb/.vscode-server/data/User/workspaceStorage/1e348afde0b44d0d2158dc5a2b784ea6/vscode.lock': The pid 137691 appears to be gone.
2025-02-22 09:54:46.047 [info] Lock '/home/neoweb/.vscode-server/data/User/workspaceStorage/1e348afde0b44d0d2158dc5a2b784ea6/vscode.lock': Deleting a stale lock.
2025-02-22 09:54:46.053 [info] Lock '/home/neoweb/.vscode-server/data/User/workspaceStorage/1e348afde0b44d0d2158dc5a2b784ea6/vscode.lock': Lock acquired.
2025-02-22 09:54:46.245 [info] ExtensionService#_doActivateExtension vscode.git-base, startup: false, activationEvent: '*', root cause: vscode.git
2025-02-22 09:54:46.246 [info] ExtensionService#_doActivateExtension vscode.configuration-editing, startup: false, activationEvent: 'onLanguage:jsonc'
2025-02-22 09:54:46.246 [info] ExtensionService#_doActivateExtension vscode.json-language-features, startup: false, activationEvent: 'onLanguage:jsonc'
2025-02-22 09:54:46.247 [info] ExtensionService#_doActivateExtension vscode.typescript-language-features, startup: false, activationEvent: 'onLanguage:jsonc'
2025-02-22 09:54:46.247 [info] ExtensionService#_doActivateExtension vscode.emmet, startup: false, activationEvent: 'onLanguage'
2025-02-22 09:54:46.247 [info] ExtensionService#_doActivateExtension vscode.npm, startup: false, activationEvent: 'onTerminalQuickFixRequest:ms-vscode.npm-command'
2025-02-22 09:54:46.247 [info] ExtensionService#_doActivateExtension vscode.extension-editing, startup: false, activationEvent: 'onLanguage:markdown'
2025-02-22 09:54:46.248 [info] ExtensionService#_doActivateExtension vscode.markdown-language-features, startup: false, activationEvent: 'onLanguage:markdown'
2025-02-22 09:54:46.670 [info] ExtensionService#_doActivateExtension vscode.git, startup: false, activationEvent: '*'
2025-02-22 09:54:46.670 [info] ExtensionService#_doActivateExtension vscode.github, startup: false, activationEvent: '*'
2025-02-22 09:54:47.276 [info] Eager extensions activated
2025-02-22 09:54:47.276 [info] ExtensionService#_doActivateExtension vscode.debug-auto-launch, startup: false, activationEvent: 'onStartupFinished'
2025-02-22 09:54:47.276 [info] ExtensionService#_doActivateExtension vscode.merge-conflict, startup: false, activationEvent: 'onStartupFinished'
