2025-02-22 14:12:29.102 [info] Extension host with pid 4131 started
2025-02-22 14:12:29.102 [error] Error: EEXIST: file already exists, open '/home/neoweb/.vscode-server/data/User/workspaceStorage/1e348afde0b44d0d2158dc5a2b784ea6/vscode.lock'
2025-02-22 14:12:29.104 [info] Lock '/home/neoweb/.vscode-server/data/User/workspaceStorage/1e348afde0b44d0d2158dc5a2b784ea6/vscode.lock': Could not acquire lock, checking if the file is stale.
2025-02-22 14:12:29.112 [info] Lock '/home/neoweb/.vscode-server/data/User/workspaceStorage/1e348afde0b44d0d2158dc5a2b784ea6/vscode.lock': The lock does not look stale, elapsed: 721 ms, giving up.
2025-02-22 14:12:29.115 [info] Lock '/home/neoweb/.vscode-server/data/User/workspaceStorage/1e348afde0b44d0d2158dc5a2b784ea6-1/vscode.lock': Lock acquired.
2025-02-22 14:12:29.328 [info] ExtensionService#_doActivateExtension vscode.git-base, startup: false, activationEvent: '*', root cause: vscode.git
2025-02-22 14:12:29.329 [info] ExtensionService#_doActivateExtension vscode.emmet, startup: false, activationEvent: 'onLanguage'
2025-02-22 14:12:31.866 [info] ExtensionService#_doActivateExtension vscode.git, startup: false, activationEvent: '*'
2025-02-22 14:12:31.867 [info] ExtensionService#_doActivateExtension vscode.github, startup: false, activationEvent: '*'
2025-02-22 14:12:37.334 [info] Not activating extension 'github.vscode-github-actions': Timed out while searching for 'workspaceContains' pattern **/.github/workflows/**
2025-02-22 14:12:40.332 [info] ExtensionService#_doActivateExtension vscode.debug-auto-launch, startup: false, activationEvent: 'onStartupFinished'
2025-02-22 14:12:40.332 [info] ExtensionService#_doActivateExtension vscode.merge-conflict, startup: false, activationEvent: 'onStartupFinished'
2025-02-22 14:13:36.051 [info] ExtensionService#_doActivateExtension github.vscode-github-actions, startup: true, activationEvent: 'workspaceContains:**/.github/workflows/**'
2025-02-22 14:15:18.685 [info] Extension host with pid 4304 started
2025-02-22 14:15:18.686 [error] Error: EEXIST: file already exists, open '/home/neoweb/.vscode-server/data/User/workspaceStorage/1e348afde0b44d0d2158dc5a2b784ea6/vscode.lock'
2025-02-22 14:15:18.688 [info] Lock '/home/neoweb/.vscode-server/data/User/workspaceStorage/1e348afde0b44d0d2158dc5a2b784ea6/vscode.lock': Could not acquire lock, checking if the file is stale.
2025-02-22 14:15:18.695 [info] Lock '/home/neoweb/.vscode-server/data/User/workspaceStorage/1e348afde0b44d0d2158dc5a2b784ea6/vscode.lock': The lock does not look stale, elapsed: 90 ms, giving up.
2025-02-22 14:15:18.696 [error] Error: EEXIST: file already exists, open '/home/neoweb/.vscode-server/data/User/workspaceStorage/1e348afde0b44d0d2158dc5a2b784ea6-1/vscode.lock'
2025-02-22 14:15:18.696 [info] Lock '/home/neoweb/.vscode-server/data/User/workspaceStorage/1e348afde0b44d0d2158dc5a2b784ea6-1/vscode.lock': Could not acquire lock, checking if the file is stale.
2025-02-22 14:15:18.697 [info] Lock '/home/neoweb/.vscode-server/data/User/workspaceStorage/1e348afde0b44d0d2158dc5a2b784ea6-1/vscode.lock': The pid 4131 appears to be gone.
2025-02-22 14:15:18.697 [info] Lock '/home/neoweb/.vscode-server/data/User/workspaceStorage/1e348afde0b44d0d2158dc5a2b784ea6-1/vscode.lock': Deleting a stale lock.
2025-02-22 14:15:18.699 [info] Lock '/home/neoweb/.vscode-server/data/User/workspaceStorage/1e348afde0b44d0d2158dc5a2b784ea6-1/vscode.lock': Lock acquired.
2025-02-22 14:15:18.914 [info] ExtensionService#_doActivateExtension vscode.git-base, startup: false, activationEvent: '*', root cause: vscode.git
2025-02-22 14:15:18.915 [info] ExtensionService#_doActivateExtension vscode.emmet, startup: false, activationEvent: 'onLanguage'
2025-02-22 14:15:18.915 [info] ExtensionService#_doActivateExtension github.vscode-github-actions, startup: false, activationEvent: 'onLanguage:github-actions-workflow'
2025-02-22 14:15:19.388 [info] ExtensionService#_doActivateExtension vscode.git, startup: false, activationEvent: '*'
2025-02-22 14:15:19.389 [info] ExtensionService#_doActivateExtension vscode.github, startup: false, activationEvent: '*'
2025-02-22 14:15:23.448 [info] Eager extensions activated
2025-02-22 14:15:23.449 [info] ExtensionService#_doActivateExtension vscode.debug-auto-launch, startup: false, activationEvent: 'onStartupFinished'
2025-02-22 14:15:23.449 [info] ExtensionService#_doActivateExtension vscode.merge-conflict, startup: false, activationEvent: 'onStartupFinished'
2025-02-22 14:55:07.779 [info] ExtensionService#_doActivateExtension vscode.extension-editing, startup: false, activationEvent: 'onLanguage:markdown'
2025-02-22 14:55:07.779 [info] ExtensionService#_doActivateExtension vscode.markdown-language-features, startup: false, activationEvent: 'onLanguage:markdown'
2025-02-22 14:55:08.636 [info] ExtensionService#_doActivateExtension vscode.markdown-math, startup: false, activationEvent: 'api', root cause: vscode.markdown-language-features
