2025-02-20 13:47:30.875 [info] [main] Niveau du journal : Info
2025-02-20 13:47:30.875 [info] [main] Validation du git trouvé dans : «git»
2025-02-20 13:47:30.875 [info] [main] Utilisation de git "2.45.2" de "git»
2025-02-20 13:47:30.875 [info] [Model][doInitialScan] Initial repository scan started
2025-02-20 13:47:30.875 [warning] [Model][traverseWorkspaceFolder] Unable to read workspace folder '/lost+found': Error: EACCES: permission denied, scandir '/lost+found'
2025-02-20 13:47:30.875 [warning] [Model][traverseWorkspaceFolder] Unable to read workspace folder '/root': Error: EACCES: permission denied, scandir '/root'
2025-02-20 13:47:30.875 [info] > git rev-parse --show-toplevel [7ms]
2025-02-20 13:47:30.875 [info] fatal: not a git repository (or any of the parent directories): .git
2025-02-20 13:47:30.875 [info] > git rev-parse --show-toplevel [1ms]
2025-02-20 13:47:30.875 [info] fatal: not a git repository (or any parent up to mount point /)
Stopping at filesystem boundary (GIT_DISCOVERY_ACROSS_FILESYSTEM not set).
2025-02-20 13:47:30.875 [info] > git rev-parse --show-toplevel [1ms]
2025-02-20 13:47:30.875 [info] fatal: not a git repository (or any parent up to mount point /)
Stopping at filesystem boundary (GIT_DISCOVERY_ACROSS_FILESYSTEM not set).
2025-02-20 13:47:30.875 [info] > git rev-parse --show-toplevel [1ms]
2025-02-20 13:47:30.875 [info] fatal: not a git repository (or any of the parent directories): .git
2025-02-20 13:47:30.875 [info] > git rev-parse --show-toplevel [0ms]
2025-02-20 13:47:30.875 [info] fatal: not a git repository (or any of the parent directories): .git
2025-02-20 13:47:30.875 [info] > git rev-parse --show-toplevel [1ms]
2025-02-20 13:47:30.875 [info] fatal: not a git repository (or any of the parent directories): .git
2025-02-20 13:47:30.875 [info] > git rev-parse --show-toplevel [5ms]
2025-02-20 13:47:30.875 [info] fatal: not a git repository (or any of the parent directories): .git
2025-02-20 13:47:30.875 [info] > git rev-parse --show-toplevel [1ms]
2025-02-20 13:47:30.875 [info] fatal: not a git repository (or any of the parent directories): .git
2025-02-20 13:47:30.875 [info] > git rev-parse --show-toplevel [0ms]
2025-02-20 13:47:30.875 [info] fatal: not a git repository (or any parent up to mount point /)
Stopping at filesystem boundary (GIT_DISCOVERY_ACROSS_FILESYSTEM not set).
2025-02-20 13:47:30.875 [info] > git rev-parse --show-toplevel [2ms]
2025-02-20 13:47:30.875 [info] fatal: not a git repository (or any parent up to mount point /)
Stopping at filesystem boundary (GIT_DISCOVERY_ACROSS_FILESYSTEM not set).
2025-02-20 13:47:30.875 [info] > git rev-parse --show-toplevel [1ms]
2025-02-20 13:47:30.875 [info] fatal: not a git repository (or any of the parent directories): .git
2025-02-20 13:47:30.875 [info] > git rev-parse --show-toplevel [1ms]
2025-02-20 13:47:30.875 [info] fatal: not a git repository (or any of the parent directories): .git
2025-02-20 13:47:30.875 [info] > git rev-parse --show-toplevel [0ms]
2025-02-20 13:47:30.875 [info] fatal: not a git repository (or any parent up to mount point /)
Stopping at filesystem boundary (GIT_DISCOVERY_ACROSS_FILESYSTEM not set).
2025-02-20 13:47:30.876 [info] > git rev-parse --show-toplevel [4ms]
2025-02-20 13:47:30.876 [info] fatal: not a git repository (or any parent up to mount point /)
Stopping at filesystem boundary (GIT_DISCOVERY_ACROSS_FILESYSTEM not set).
2025-02-20 13:47:30.876 [info] > git rev-parse --show-toplevel [1ms]
2025-02-20 13:47:30.876 [info] fatal: not a git repository (or any of the parent directories): .git
2025-02-20 13:47:30.876 [info] > git rev-parse --show-toplevel [2ms]
2025-02-20 13:47:30.876 [info] fatal: not a git repository (or any of the parent directories): .git
2025-02-20 13:47:30.876 [info] [Model][doInitialScan] Initial repository scan completed - repositories (0), closed repositories (0), parent repositories (0), unsafe repositories (0)
2025-02-20 13:47:33.657 [info] > git rev-parse --show-toplevel [3ms]
2025-02-20 13:47:33.657 [info] fatal: not a git repository (or any of the parent directories): .git
2025-02-20 13:58:53.483 [info] > git rev-parse --show-toplevel [2ms]
2025-02-20 13:58:53.487 [info] > git rev-parse --git-dir --git-common-dir [1ms]
2025-02-20 13:58:53.496 [info] [Model][openRepository] Opened repository: /var/backups
2025-02-20 13:58:53.506 [info] > git config --get commit.template [4ms]
2025-02-20 13:58:53.508 [info] > git for-each-ref --format=%(refname)%00%(upstream:short)%00%(objectname)%00%(upstream:track)%00%(upstream:remotename)%00%(upstream:remoteref) refs/heads/main refs/remotes/main [2ms]
2025-02-20 13:58:53.519 [info] > git for-each-ref --sort -committerdate --format %(refname) %(objectname) %(*objectname) [3ms]
2025-02-20 13:58:53.520 [info] > git status -z -uall [8ms]
2025-02-20 13:58:53.538 [info] > git for-each-ref --format=%(refname)%00%(upstream:short)%00%(objectname)%00%(upstream:track)%00%(upstream:remotename)%00%(upstream:remoteref) refs/heads/main refs/remotes/main [5ms]
2025-02-20 13:58:53.542 [info] > git config --get commit.template [4ms]
2025-02-20 13:58:53.546 [info] > git config --get --local branch.main.vscode-merge-base [5ms]
2025-02-20 13:58:53.546 [warning] [Git][config] git config failed: Failed to execute git
2025-02-20 13:58:53.549 [info] > git for-each-ref --format=%(refname)%00%(upstream:short)%00%(objectname)%00%(upstream:track)%00%(upstream:remotename)%00%(upstream:remoteref) refs/heads/main refs/remotes/main [4ms]
2025-02-20 13:58:53.557 [info] > git status -z -uall [5ms]
2025-02-20 13:58:53.558 [info] > git reflog main --grep-reflog=branch: Created from *. [9ms]
2025-02-20 13:58:53.561 [info] > git for-each-ref --sort -committerdate --format %(refname) %(objectname) %(*objectname) [4ms]
2025-02-20 13:58:53.566 [info] > git symbolic-ref --short refs/remotes/origin/HEAD [6ms]
2025-02-20 13:58:53.566 [info] fatal: ref refs/remotes/origin/HEAD is not a symbolic ref
2025-02-20 13:58:53.566 [warning] [Repository][getDefaultBranch] Failed to get default branch details: Failed to execute git.
2025-02-20 13:58:53.567 [info] > git for-each-ref --format=%(refname)%00%(upstream:short)%00%(objectname)%00%(upstream:track)%00%(upstream:remotename)%00%(upstream:remoteref) refs/heads/main refs/remotes/main [2ms]
2025-02-20 13:58:53.572 [info] > git config --get --local branch.main.vscode-merge-base [1ms]
2025-02-20 13:58:53.572 [warning] [Git][config] git config failed: Failed to execute git
2025-02-20 13:58:53.576 [info] > git reflog main --grep-reflog=branch: Created from *. [1ms]
2025-02-20 13:58:53.581 [info] > git symbolic-ref --short refs/remotes/origin/HEAD [2ms]
2025-02-20 13:58:53.581 [info] fatal: ref refs/remotes/origin/HEAD is not a symbolic ref
2025-02-20 13:58:53.581 [warning] [Repository][getDefaultBranch] Failed to get default branch details: Failed to execute git.
2025-02-20 13:58:54.450 [info] > git show --textconv :backup_vps.sh [4ms]
2025-02-20 13:58:54.451 [info] > git ls-files --stage -- /var/backups/backup_vps.sh [1ms]
2025-02-20 13:58:54.456 [info] > git cat-file -s 9657bbc61a009400149f8bbf656e30e41b512712 [1ms]
2025-02-20 13:58:54.482 [info] > git check-ignore -v -z --stdin [1ms]
2025-02-20 13:58:55.388 [info] > git blame --root --incremental f2a1613ef3c3324168ee899824062ffa7393777d -- /var/backups/backup_vps.sh [2ms]
2025-02-20 14:07:45.128 [info] > git show --textconv :alternatives.tar.1.gz [3ms]
2025-02-20 14:07:45.129 [info] > git ls-files --stage -- /var/backups/alternatives.tar.1.gz [1ms]
2025-02-20 14:07:45.134 [info] > git cat-file -s 1f808483c987291428b5b1deecbe08c94d3a2a4c [2ms]
2025-02-20 14:09:21.599 [info] > git for-each-ref --format=%(refname)%00%(upstream:short)%00%(objectname)%00%(upstream:track)%00%(upstream:remotename)%00%(upstream:remoteref) refs/heads/main refs/remotes/main [2ms]
2025-02-20 14:09:21.599 [info] > git config --get commit.template [5ms]
2025-02-20 14:09:21.606 [info] > git status -z -uall [3ms]
2025-02-20 14:09:21.607 [info] > git for-each-ref --sort -committerdate --format %(refname) %(objectname) %(*objectname) [1ms]
2025-02-20 14:09:21.779 [info] > git ls-files --stage -- /var/backups/backup_vps.sh [1ms]
2025-02-20 14:09:21.784 [info] > git cat-file -s 9657bbc61a009400149f8bbf656e30e41b512712 [2ms]
2025-02-20 14:09:21.977 [info] > git show --textconv :backup_vps.sh [1ms]
2025-02-20 14:09:27.060 [info] > git config --get commit.template [4ms]
2025-02-20 14:09:27.061 [info] > git for-each-ref --format=%(refname)%00%(upstream:short)%00%(objectname)%00%(upstream:track)%00%(upstream:remotename)%00%(upstream:remoteref) refs/heads/main refs/remotes/main [1ms]
2025-02-20 14:09:27.068 [info] > git status -z -uall [4ms]
2025-02-20 14:09:27.069 [info] > git for-each-ref --sort -committerdate --format %(refname) %(objectname) %(*objectname) [1ms]
2025-02-20 14:09:58.004 [info] > git config --get commit.template [4ms]
2025-02-20 14:09:58.004 [info] > git for-each-ref --format=%(refname)%00%(upstream:short)%00%(objectname)%00%(upstream:track)%00%(upstream:remotename)%00%(upstream:remoteref) refs/heads/main refs/remotes/main [1ms]
2025-02-20 14:09:58.011 [info] > git status -z -uall [3ms]
2025-02-20 14:09:58.013 [info] > git for-each-ref --sort -committerdate --format %(refname) %(objectname) %(*objectname) [1ms]
2025-02-20 14:09:58.286 [info] > git ls-files --stage -- /var/backups/backup_vps.sh [1ms]
2025-02-20 14:09:58.290 [info] > git cat-file -s 9657bbc61a009400149f8bbf656e30e41b512712 [1ms]
2025-02-20 14:09:58.514 [info] > git show --textconv :backup_vps.sh [1ms]
2025-02-20 14:11:50.118 [info] > git rev-parse --show-toplevel [1ms]
2025-02-20 14:11:50.118 [info] fatal: not a git repository (or any of the parent directories): .git
2025-02-20 14:19:21.974 [info] > git config --get commit.template [3ms]
2025-02-20 14:19:21.974 [info] > git for-each-ref --format=%(refname)%00%(upstream:short)%00%(objectname)%00%(upstream:track)%00%(upstream:remotename)%00%(upstream:remoteref) refs/heads/main refs/remotes/main [1ms]
2025-02-20 14:19:21.981 [info] > git status -z -uall [4ms]
2025-02-20 14:19:21.981 [info] > git for-each-ref --sort -committerdate --format %(refname) %(objectname) %(*objectname) [1ms]
2025-02-20 14:27:02.599 [info] > git config --get commit.template [4ms]
2025-02-20 14:27:02.601 [info] > git for-each-ref --format=%(refname)%00%(upstream:short)%00%(objectname)%00%(upstream:track)%00%(upstream:remotename)%00%(upstream:remoteref) refs/heads/main refs/remotes/main [2ms]
2025-02-20 14:27:02.610 [info] > git status -z -uall [5ms]
2025-02-20 14:27:02.610 [info] > git for-each-ref --sort -committerdate --format %(refname) %(objectname) %(*objectname) [2ms]
2025-02-20 14:27:16.162 [info] > git config --get commit.template [10ms]
2025-02-20 14:27:16.162 [info] > git for-each-ref --format %(refname) %(objectname) %(*objectname) refs/tags [8ms]
2025-02-20 14:27:16.177 [info] > git for-each-ref --sort -committerdate --format %(refname) %(objectname) %(*objectname) [4ms]
2025-02-20 14:28:58.323 [info] > git status -z -uall [102154ms]
2025-02-20 14:28:59.004 [info] > git config --get commit.template [3ms]
2025-02-20 14:28:59.005 [info] > git for-each-ref --format=%(refname)%00%(upstream:short)%00%(objectname)%00%(upstream:track)%00%(upstream:remotename)%00%(upstream:remoteref) refs/heads/main refs/remotes/main [3ms]
2025-02-20 14:28:59.012 [info] > git for-each-ref --sort -committerdate --format %(refname) %(objectname) %(*objectname) [2ms]
2025-02-20 14:28:59.986 [info] > git status -z -uall [978ms]
2025-02-20 14:28:59.992 [info] > git for-each-ref --format=%(refname)%00%(upstream:short)%00%(objectname)%00%(upstream:track)%00%(upstream:remotename)%00%(upstream:remoteref) refs/heads/main refs/remotes/main [1ms]
2025-02-20 14:28:59.996 [info] > git config --get --local branch.main.vscode-merge-base [1ms]
2025-02-20 14:28:59.996 [warning] [Git][config] git config failed: Failed to execute git
2025-02-20 14:29:00.002 [info] > git reflog main --grep-reflog=branch: Created from *. [4ms]
2025-02-20 14:29:00.007 [info] > git symbolic-ref --short refs/remotes/origin/HEAD [1ms]
2025-02-20 14:29:00.007 [info] fatal: ref refs/remotes/origin/HEAD is not a symbolic ref
2025-02-20 14:29:00.007 [warning] [Repository][getDefaultBranch] Failed to get default branch details: Failed to execute git.
2025-02-20 14:29:03.344 [info] > git config --get commit.template [4ms]
2025-02-20 14:29:03.345 [info] > git for-each-ref --format=%(refname)%00%(upstream:short)%00%(objectname)%00%(upstream:track)%00%(upstream:remotename)%00%(upstream:remoteref) refs/heads/main refs/remotes/main [1ms]
2025-02-20 14:29:03.353 [info] > git for-each-ref --sort -committerdate --format %(refname) %(objectname) %(*objectname) [2ms]
2025-02-20 14:29:04.232 [info] > git status -z -uall [883ms]
2025-02-20 14:43:29.773 [info] > git show --textconv :backup_vps.sh [3ms]
2025-02-20 14:43:29.774 [info] > git ls-files --stage -- /var/backups/backup_vps.sh [1ms]
2025-02-20 14:43:29.778 [info] > git cat-file -s 9657bbc61a009400149f8bbf656e30e41b512712 [2ms]
2025-02-20 14:43:30.002 [info] > git blame --root --incremental 9d5ba026f8c6868e05ce4d5d2aad96b9706ef8fe -- /var/backups/backup_vps.sh [2ms]
2025-02-20 14:43:57.342 [info] > git config --get commit.template [3ms]
2025-02-20 14:43:57.343 [info] > git for-each-ref --format=%(refname)%00%(upstream:short)%00%(objectname)%00%(upstream:track)%00%(upstream:remotename)%00%(upstream:remoteref) refs/heads/main refs/remotes/main [1ms]
2025-02-20 14:43:57.351 [info] > git for-each-ref --sort -committerdate --format %(refname) %(objectname) %(*objectname) [1ms]
2025-02-20 14:43:58.676 [info] > git status -z -uall [1330ms]
2025-02-20 14:44:03.688 [info] > git config --get commit.template [3ms]
2025-02-20 14:44:03.690 [info] > git for-each-ref --format=%(refname)%00%(upstream:short)%00%(objectname)%00%(upstream:track)%00%(upstream:remotename)%00%(upstream:remoteref) refs/heads/main refs/remotes/main [2ms]
2025-02-20 14:44:03.698 [info] > git for-each-ref --sort -committerdate --format %(refname) %(objectname) %(*objectname) [2ms]
2025-02-20 14:44:04.548 [info] > git status -z -uall [855ms]
2025-02-20 14:44:05.418 [info] > git rev-parse --show-toplevel [2ms]
2025-02-20 14:44:05.418 [info] fatal: not a git repository (or any of the parent directories): .git
2025-02-20 14:44:29.365 [info] > git config --get commit.template [4ms]
2025-02-20 14:44:29.366 [info] > git for-each-ref --format=%(refname)%00%(upstream:short)%00%(objectname)%00%(upstream:track)%00%(upstream:remotename)%00%(upstream:remoteref) refs/heads/main refs/remotes/main [1ms]
2025-02-20 14:44:29.374 [info] > git for-each-ref --sort -committerdate --format %(refname) %(objectname) %(*objectname) [1ms]
2025-02-20 14:44:30.226 [info] > git status -z -uall [857ms]
2025-02-20 14:54:27.694 [info] > git config --get commit.template [6ms]
2025-02-20 14:54:27.695 [info] > git for-each-ref --format=%(refname)%00%(upstream:short)%00%(objectname)%00%(upstream:track)%00%(upstream:remotename)%00%(upstream:remoteref) refs/heads/main refs/remotes/main [2ms]
2025-02-20 14:54:27.703 [info] > git for-each-ref --sort -committerdate --format %(refname) %(objectname) %(*objectname) [2ms]
2025-02-20 14:54:28.549 [info] > git status -z -uall [851ms]
2025-02-20 14:57:35.655 [info] > git check-ignore -v -z --stdin [2ms]
2025-02-20 14:58:10.262 [info] > git rev-parse --show-toplevel [2ms]
2025-02-20 14:58:10.268 [info] > git rev-parse --git-dir --git-common-dir [1ms]
2025-02-20 14:58:10.270 [info] [Model][openRepository] Opened repository: /opt/huginn
2025-02-20 14:58:10.279 [info] > git config --get commit.template [4ms]
2025-02-20 14:58:10.283 [info] > git for-each-ref --format=%(refname)%00%(upstream:short)%00%(objectname)%00%(upstream:track)%00%(upstream:remotename)%00%(upstream:remoteref) refs/heads/master refs/remotes/master [5ms]
2025-02-20 14:58:10.288 [warning] [Git][revParse] Unable to read file: ENOENT: no such file or directory, open '/opt/huginn/.git/refs/remotes/origin/master'
2025-02-20 14:58:10.289 [info] > git rev-parse refs/remotes/origin/master [1ms]
2025-02-20 14:58:10.302 [info] > git for-each-ref --sort -committerdate --format %(refname) %(objectname) %(*objectname) [6ms]
2025-02-20 14:58:10.325 [info] > git status -z -uall [32ms]
2025-02-20 14:58:10.363 [info] > git for-each-ref --format=%(refname)%00%(upstream:short)%00%(objectname)%00%(upstream:track)%00%(upstream:remotename)%00%(upstream:remoteref) refs/heads/master refs/remotes/master [7ms]
2025-02-20 14:58:10.367 [info] > git config --get commit.template [4ms]
2025-02-20 14:58:10.472 [info] > git for-each-ref --format=%(refname)%00%(upstream:short)%00%(objectname)%00%(upstream:track)%00%(upstream:remotename)%00%(upstream:remoteref) refs/heads/master refs/remotes/master [102ms]
2025-02-20 14:58:10.473 [info] > git config --get --local branch.master.vscode-merge-base [106ms]
2025-02-20 14:58:10.473 [warning] [Git][config] git config failed: Failed to execute git
2025-02-20 14:58:10.485 [warning] [Git][revParse] Unable to read file: ENOENT: no such file or directory, open '/opt/huginn/.git/refs/remotes/origin/master'
2025-02-20 14:58:10.486 [info] > git rev-parse refs/remotes/origin/master [1ms]
2025-02-20 14:58:10.497 [info] > git reflog master --grep-reflog=branch: Created from *. [20ms]
2025-02-20 14:58:10.503 [info] > git status -z -uall [12ms]
2025-02-20 14:58:10.503 [info] > git for-each-ref --sort -committerdate --format %(refname) %(objectname) %(*objectname) [7ms]
2025-02-20 14:58:10.537 [info] > git for-each-ref --format=%(refname)%00%(upstream:short)%00%(objectname)%00%(upstream:track)%00%(upstream:remotename)%00%(upstream:remoteref) refs/heads/master refs/remotes/master [12ms]
2025-02-20 14:58:10.541 [info] > git symbolic-ref --short refs/remotes/origin/HEAD [40ms]
2025-02-20 14:58:10.546 [info] > git for-each-ref --format=%(refname)%00%(upstream:short)%00%(objectname)%00%(upstream:track)%00%(upstream:remotename)%00%(upstream:remoteref) refs/heads/origin/master refs/remotes/origin/master [1ms]
2025-02-20 14:58:10.549 [info] > git config --get --local branch.master.vscode-merge-base [8ms]
2025-02-20 14:58:10.549 [warning] [Git][config] git config failed: Failed to execute git
2025-02-20 14:58:10.553 [info] > git config --add --local branch.master.vscode-merge-base origin/master [4ms]
2025-02-20 14:58:10.559 [info] > git reflog master --grep-reflog=branch: Created from *. [6ms]
2025-02-20 14:58:10.561 [info] > git config --get commit.template [4ms]
2025-02-20 14:58:10.564 [info] > git symbolic-ref --short refs/remotes/origin/HEAD [3ms]
2025-02-20 14:58:10.568 [info] > git for-each-ref --format=%(refname)%00%(upstream:short)%00%(objectname)%00%(upstream:track)%00%(upstream:remotename)%00%(upstream:remoteref) refs/heads/master refs/remotes/master [4ms]
2025-02-20 14:58:10.571 [warning] [Git][revParse] Unable to read file: ENOENT: no such file or directory, open '/opt/huginn/.git/refs/remotes/origin/master'
2025-02-20 14:58:10.571 [info] > git for-each-ref --format=%(refname)%00%(upstream:short)%00%(objectname)%00%(upstream:track)%00%(upstream:remotename)%00%(upstream:remoteref) refs/heads/origin/master refs/remotes/origin/master [4ms]
2025-02-20 14:58:10.574 [info] > git rev-parse refs/remotes/origin/master [4ms]
2025-02-20 14:58:10.580 [info] > git config --add --local branch.master.vscode-merge-base origin/master [6ms]
2025-02-20 14:58:10.581 [info] > git for-each-ref --sort -committerdate --format %(refname) %(objectname) %(*objectname) [1ms] (cancelled)
2025-02-20 14:58:10.592 [info] > git status -z -uall [15ms] (cancelled)
2025-02-20 14:58:10.592 [info] > git for-each-ref --format=%(refname)%00%(upstream:short)%00%(objectname)%00%(upstream:track)%00%(upstream:remotename)%00%(upstream:remoteref) refs/heads/master refs/remotes/master [8ms]
2025-02-20 14:58:10.597 [info] > git config --get commit.template [5ms]
2025-02-20 14:58:10.597 [info] > git merge-base refs/heads/master refs/remotes/origin/master [9ms]
2025-02-20 14:58:10.600 [info] > git config --get --local branch.master.vscode-merge-base [6ms]
2025-02-20 14:58:10.606 [info] > git diff --name-status -z --diff-filter=ADMR c65154311e67170247b4ecb519f945c5f17588e8...refs/remotes/origin/master [6ms]
2025-02-20 14:58:10.606 [info] > git for-each-ref --format=%(refname)%00%(upstream:short)%00%(objectname)%00%(upstream:track)%00%(upstream:remotename)%00%(upstream:remoteref) refs/heads/origin/master refs/remotes/origin/master [3ms]
2025-02-20 14:58:10.607 [info] > git for-each-ref --format=%(refname)%00%(upstream:short)%00%(objectname)%00%(upstream:track)%00%(upstream:remotename)%00%(upstream:remoteref) refs/heads/master refs/remotes/master [2ms]
2025-02-20 14:58:10.610 [warning] [Git][revParse] Unable to read file: ENOENT: no such file or directory, open '/opt/huginn/.git/refs/remotes/origin/master'
2025-02-20 14:58:10.698 [info] > git rev-parse refs/remotes/origin/master [89ms]
2025-02-20 14:58:10.707 [info] > git for-each-ref --sort -committerdate --format %(refname) %(objectname) %(*objectname) [1ms]
2025-02-20 14:58:10.709 [info] > git status -z -uall [8ms]
2025-02-20 14:58:11.045 [info] > git check-ignore -v -z --stdin [5ms]
2025-02-20 14:58:11.045 [info] > git check-ignore -v -z --stdin [2ms]
2025-02-20 14:58:11.101 [info] > git show --textconv :.bundle/config [5ms]
2025-02-20 14:58:11.105 [info] > git ls-files --stage -- /opt/huginn/.bundle/config [5ms]
2025-02-20 14:58:11.108 [info] > git hash-object -t tree /dev/null [4ms]
2025-02-20 14:58:11.109 [warning] [GitFileSystemProvider][readFile] File not found - git:/opt/huginn/.bundle/config.git?%7B%22path%22%3A%22%2Fopt%2Fhuginn%2F.bundle%2Fconfig%22%2C%22ref%22%3A%22%22%7D
2025-02-20 14:58:11.111 [info] > git hash-object -t tree /dev/null [3ms]
2025-02-20 14:58:11.111 [warning] [GitFileSystemProvider][stat] File not found - git:/opt/huginn/.bundle/config.git?%7B%22path%22%3A%22%2Fopt%2Fhuginn%2F.bundle%2Fconfig%22%2C%22ref%22%3A%22%22%7D
2025-02-20 14:58:26.067 [info] > git check-ignore -v -z --stdin [2ms]
2025-02-20 14:58:27.033 [info] > git check-ignore -v -z --stdin [2ms]
2025-02-20 14:58:38.404 [info] > git check-ignore -v -z --stdin [1ms]
2025-02-20 15:00:32.762 [info] > git config --get commit.template [1ms]
2025-02-20 15:00:32.767 [info] > git for-each-ref --format=%(refname)%00%(upstream:short)%00%(objectname)%00%(upstream:track)%00%(upstream:remotename)%00%(upstream:remoteref) refs/heads/master refs/remotes/master [2ms]
2025-02-20 15:00:32.771 [warning] [Git][revParse] Unable to read file: ENOENT: no such file or directory, open '/opt/huginn/.git/refs/remotes/origin/master'
2025-02-20 15:00:32.772 [info] > git rev-parse refs/remotes/origin/master [1ms]
2025-02-20 15:00:32.782 [info] > git for-each-ref --sort -committerdate --format %(refname) %(objectname) %(*objectname) [2ms]
2025-02-20 15:00:32.784 [info] > git status -z -uall [9ms]
2025-02-20 15:02:53.030 [info] > git config --get commit.template [3ms]
2025-02-20 15:02:53.031 [info] > git for-each-ref --format=%(refname)%00%(upstream:short)%00%(objectname)%00%(upstream:track)%00%(upstream:remotename)%00%(upstream:remoteref) refs/heads/master refs/remotes/master [1ms]
2025-02-20 15:02:53.034 [warning] [Git][revParse] Unable to read file: ENOENT: no such file or directory, open '/opt/huginn/.git/refs/remotes/origin/master'
2025-02-20 15:02:53.035 [info] > git rev-parse refs/remotes/origin/master [1ms]
2025-02-20 15:02:53.043 [info] > git for-each-ref --sort -committerdate --format %(refname) %(objectname) %(*objectname) [2ms]
2025-02-20 15:02:53.047 [info] > git status -z -uall [10ms]
2025-02-20 15:04:48.823 [info] > git config --get commit.template [4ms]
2025-02-20 15:04:48.824 [info] > git for-each-ref --format=%(refname)%00%(upstream:short)%00%(objectname)%00%(upstream:track)%00%(upstream:remotename)%00%(upstream:remoteref) refs/heads/master refs/remotes/master [2ms]
2025-02-20 15:04:48.827 [warning] [Git][revParse] Unable to read file: ENOENT: no such file or directory, open '/opt/huginn/.git/refs/remotes/origin/master'
2025-02-20 15:04:48.828 [info] > git rev-parse refs/remotes/origin/master [1ms]
2025-02-20 15:04:48.837 [info] > git for-each-ref --sort -committerdate --format %(refname) %(objectname) %(*objectname) [2ms]
2025-02-20 15:04:48.840 [info] > git status -z -uall [8ms]
2025-02-20 15:05:50.128 [info] > git config --get commit.template [3ms]
2025-02-20 15:05:50.129 [info] > git for-each-ref --format=%(refname)%00%(upstream:short)%00%(objectname)%00%(upstream:track)%00%(upstream:remotename)%00%(upstream:remoteref) refs/heads/master refs/remotes/master [1ms]
2025-02-20 15:05:50.132 [warning] [Git][revParse] Unable to read file: ENOENT: no such file or directory, open '/opt/huginn/.git/refs/remotes/origin/master'
2025-02-20 15:05:50.133 [info] > git rev-parse refs/remotes/origin/master [0ms]
2025-02-20 15:05:50.140 [info] > git for-each-ref --sort -committerdate --format %(refname) %(objectname) %(*objectname) [1ms]
2025-02-20 15:05:50.143 [info] > git status -z -uall [8ms]
2025-02-20 15:19:55.099 [info] > git config --get commit.template [5ms]
2025-02-20 15:19:55.100 [info] > git for-each-ref --format=%(refname)%00%(upstream:short)%00%(objectname)%00%(upstream:track)%00%(upstream:remotename)%00%(upstream:remoteref) refs/heads/master refs/remotes/master [2ms]
2025-02-20 15:19:55.103 [warning] [Git][revParse] Unable to read file: ENOENT: no such file or directory, open '/opt/huginn/.git/refs/remotes/origin/master'
2025-02-20 15:19:55.104 [info] > git rev-parse refs/remotes/origin/master [1ms]
2025-02-20 15:19:55.114 [info] > git for-each-ref --sort -committerdate --format %(refname) %(objectname) %(*objectname) [2ms]
2025-02-20 15:19:55.117 [info] > git status -z -uall [10ms]
2025-02-20 15:20:00.142 [info] > git config --get commit.template [4ms]
2025-02-20 15:20:00.143 [info] > git for-each-ref --format=%(refname)%00%(upstream:short)%00%(objectname)%00%(upstream:track)%00%(upstream:remotename)%00%(upstream:remoteref) refs/heads/master refs/remotes/master [1ms]
2025-02-20 15:20:00.147 [warning] [Git][revParse] Unable to read file: ENOENT: no such file or directory, open '/opt/huginn/.git/refs/remotes/origin/master'
2025-02-20 15:20:00.148 [info] > git rev-parse refs/remotes/origin/master [1ms]
2025-02-20 15:20:00.156 [info] > git for-each-ref --sort -committerdate --format %(refname) %(objectname) %(*objectname) [2ms]
2025-02-20 15:20:00.160 [info] > git status -z -uall [9ms]
2025-02-20 15:21:39.514 [info] > git check-ignore -v -z --stdin [2ms]
2025-02-20 15:21:41.763 [info] > git check-ignore -v -z --stdin [1ms]
2025-02-20 15:22:14.160 [info] > git check-ignore -v -z --stdin [2ms]
2025-02-20 15:22:22.642 [info] > git check-ignore -v -z --stdin [2ms]
2025-02-20 15:22:24.585 [info] > git check-ignore -v -z --stdin [1ms]
2025-02-20 15:22:27.992 [info] > git show --textconv :public/404.html [5ms]
2025-02-20 15:22:27.993 [info] > git ls-files --stage -- /opt/huginn/public/404.html [2ms]
2025-02-20 15:22:27.999 [info] > git cat-file -s 9a48320a5f1c025b6cc9819ab539a6d17fcbaf81 [2ms]
2025-02-20 15:24:03.677 [info] > git config --get commit.template [3ms]
2025-02-20 15:24:03.678 [info] > git for-each-ref --format=%(refname)%00%(upstream:short)%00%(objectname)%00%(upstream:track)%00%(upstream:remotename)%00%(upstream:remoteref) refs/heads/master refs/remotes/master [1ms]
2025-02-20 15:24:03.681 [warning] [Git][revParse] Unable to read file: ENOENT: no such file or directory, open '/opt/huginn/.git/refs/remotes/origin/master'
2025-02-20 15:24:03.682 [info] > git rev-parse refs/remotes/origin/master [1ms]
2025-02-20 15:24:03.689 [info] > git for-each-ref --sort -committerdate --format %(refname) %(objectname) %(*objectname) [2ms]
2025-02-20 15:24:03.693 [info] > git status -z -uall [8ms]
2025-02-20 15:30:31.352 [info] > git show --textconv :.env.example [4ms]
2025-02-20 15:30:31.353 [info] > git ls-files --stage -- /opt/huginn/.env.example [2ms]
2025-02-20 15:30:31.357 [info] > git cat-file -s c5191a1a653271f4aa824a049427539af60b86a2 [1ms]
2025-02-20 15:30:34.059 [info] > git blame --root --incremental c65154311e67170247b4ecb519f945c5f17588e8 -- /opt/huginn/.env.example [34ms]
2025-02-20 15:31:55.942 [info] > git check-ignore -v -z --stdin [1ms]
2025-02-20 15:31:56.363 [info] > git config --get commit.template [4ms]
2025-02-20 15:31:56.364 [info] > git for-each-ref --format=%(refname)%00%(upstream:short)%00%(objectname)%00%(upstream:track)%00%(upstream:remotename)%00%(upstream:remoteref) refs/heads/master refs/remotes/master [1ms]
2025-02-20 15:31:56.367 [warning] [Git][revParse] Unable to read file: ENOENT: no such file or directory, open '/opt/huginn/.git/refs/remotes/origin/master'
2025-02-20 15:31:56.368 [info] > git rev-parse refs/remotes/origin/master [1ms]
2025-02-20 15:31:56.375 [info] > git for-each-ref --sort -committerdate --format %(refname) %(objectname) %(*objectname) [2ms]
2025-02-20 15:31:56.379 [info] > git status -z -uall [9ms]
2025-02-20 15:32:08.511 [info] > git config --get commit.template [4ms]
2025-02-20 15:32:08.512 [info] > git for-each-ref --format=%(refname)%00%(upstream:short)%00%(objectname)%00%(upstream:track)%00%(upstream:remotename)%00%(upstream:remoteref) refs/heads/master refs/remotes/master [2ms]
2025-02-20 15:32:08.515 [warning] [Git][revParse] Unable to read file: ENOENT: no such file or directory, open '/opt/huginn/.git/refs/remotes/origin/master'
2025-02-20 15:32:08.516 [info] > git rev-parse refs/remotes/origin/master [1ms]
2025-02-20 15:32:08.525 [info] > git for-each-ref --sort -committerdate --format %(refname) %(objectname) %(*objectname) [1ms]
2025-02-20 15:32:08.529 [info] > git status -z -uall [9ms]
2025-02-20 15:32:41.320 [info] > git config --get commit.template [4ms]
2025-02-20 15:32:41.321 [info] > git for-each-ref --format=%(refname)%00%(upstream:short)%00%(objectname)%00%(upstream:track)%00%(upstream:remotename)%00%(upstream:remoteref) refs/heads/master refs/remotes/master [2ms]
2025-02-20 15:32:41.323 [warning] [Git][revParse] Unable to read file: ENOENT: no such file or directory, open '/opt/huginn/.git/refs/remotes/origin/master'
2025-02-20 15:32:41.324 [info] > git rev-parse refs/remotes/origin/master [1ms]
2025-02-20 15:32:41.332 [info] > git for-each-ref --sort -committerdate --format %(refname) %(objectname) %(*objectname) [2ms]
2025-02-20 15:32:41.337 [info] > git status -z -uall [10ms]
2025-02-20 15:33:07.627 [info] > git check-ignore -v -z --stdin [1ms]
2025-02-20 15:33:07.758 [info] > git show --textconv :.env.production [3ms]
2025-02-20 15:33:07.759 [warning] [GitFileSystemProvider][readFile] File not found - git:/opt/huginn/.env.production.git?%7B%22path%22%3A%22%2Fopt%2Fhuginn%2F.env.production%22%2C%22ref%22%3A%22%22%7D
2025-02-20 15:33:07.759 [info] > git ls-files --stage -- /opt/huginn/.env.production [1ms]
2025-02-20 15:33:07.760 [warning] [GitFileSystemProvider][stat] File not found - git:/opt/huginn/.env.production.git?%7B%22path%22%3A%22%2Fopt%2Fhuginn%2F.env.production%22%2C%22ref%22%3A%22%22%7D
2025-02-20 15:33:07.974 [info] > git config --get commit.template [4ms]
2025-02-20 15:33:07.975 [info] > git for-each-ref --format=%(refname)%00%(upstream:short)%00%(objectname)%00%(upstream:track)%00%(upstream:remotename)%00%(upstream:remoteref) refs/heads/master refs/remotes/master [2ms]
2025-02-20 15:33:07.978 [warning] [Git][revParse] Unable to read file: ENOENT: no such file or directory, open '/opt/huginn/.git/refs/remotes/origin/master'
2025-02-20 15:33:07.979 [info] > git rev-parse refs/remotes/origin/master [1ms]
2025-02-20 15:33:07.987 [info] > git for-each-ref --sort -committerdate --format %(refname) %(objectname) %(*objectname) [2ms]
2025-02-20 15:33:07.991 [info] > git status -z -uall [10ms]
2025-02-20 15:33:13.846 [info] > git show --textconv :.env.example [4ms]
2025-02-20 15:33:13.847 [info] > git ls-files --stage -- /opt/huginn/.env.example [2ms]
2025-02-20 15:33:13.851 [info] > git cat-file -s c5191a1a653271f4aa824a049427539af60b86a2 [1ms]
2025-02-20 15:33:27.254 [info] > git config --get commit.template [4ms]
2025-02-20 15:33:27.255 [info] > git for-each-ref --format=%(refname)%00%(upstream:short)%00%(objectname)%00%(upstream:track)%00%(upstream:remotename)%00%(upstream:remoteref) refs/heads/master refs/remotes/master [1ms]
2025-02-20 15:33:27.259 [warning] [Git][revParse] Unable to read file: ENOENT: no such file or directory, open '/opt/huginn/.git/refs/remotes/origin/master'
2025-02-20 15:33:27.260 [info] > git rev-parse refs/remotes/origin/master [1ms]
2025-02-20 15:33:27.268 [info] > git for-each-ref --sort -committerdate --format %(refname) %(objectname) %(*objectname) [2ms]
2025-02-20 15:33:27.277 [info] > git status -z -uall [14ms]
2025-02-20 15:41:18.988 [info] > git show --textconv :.env.example [3ms]
2025-02-20 15:41:18.989 [info] > git ls-files --stage -- /opt/huginn/.env.example [1ms]
2025-02-20 15:41:18.993 [info] > git cat-file -s c5191a1a653271f4aa824a049427539af60b86a2 [1ms]
2025-02-20 15:41:27.841 [info] > git config --get commit.template [5ms]
2025-02-20 15:41:27.842 [info] > git for-each-ref --format=%(refname)%00%(upstream:short)%00%(objectname)%00%(upstream:track)%00%(upstream:remotename)%00%(upstream:remoteref) refs/heads/master refs/remotes/master [2ms]
2025-02-20 15:41:27.845 [warning] [Git][revParse] Unable to read file: ENOENT: no such file or directory, open '/opt/huginn/.git/refs/remotes/origin/master'
2025-02-20 15:41:27.846 [info] > git rev-parse refs/remotes/origin/master [1ms]
2025-02-20 15:41:27.856 [info] > git for-each-ref --sort -committerdate --format %(refname) %(objectname) %(*objectname) [1ms]
2025-02-20 15:41:27.858 [info] > git status -z -uall [8ms]
2025-02-20 15:42:59.485 [info] > git config --get commit.template [6ms]
2025-02-20 15:42:59.485 [info] > git for-each-ref --format=%(refname)%00%(upstream:short)%00%(objectname)%00%(upstream:track)%00%(upstream:remotename)%00%(upstream:remoteref) refs/heads/master refs/remotes/master [1ms]
2025-02-20 15:42:59.489 [warning] [Git][revParse] Unable to read file: ENOENT: no such file or directory, open '/opt/huginn/.git/refs/remotes/origin/master'
2025-02-20 15:42:59.490 [info] > git rev-parse refs/remotes/origin/master [1ms]
2025-02-20 15:42:59.500 [info] > git for-each-ref --sort -committerdate --format %(refname) %(objectname) %(*objectname) [2ms]
2025-02-20 15:42:59.502 [info] > git status -z -uall [8ms]
2025-02-20 15:51:20.877 [info] > git config --get commit.template [4ms]
2025-02-20 15:51:20.877 [info] > git for-each-ref --format=%(refname)%00%(upstream:short)%00%(objectname)%00%(upstream:track)%00%(upstream:remotename)%00%(upstream:remoteref) refs/heads/master refs/remotes/master [1ms]
2025-02-20 15:51:20.880 [warning] [Git][revParse] Unable to read file: ENOENT: no such file or directory, open '/opt/huginn/.git/refs/remotes/origin/master'
2025-02-20 15:51:20.881 [info] > git rev-parse refs/remotes/origin/master [1ms]
2025-02-20 15:51:20.889 [info] > git for-each-ref --sort -committerdate --format %(refname) %(objectname) %(*objectname) [1ms]
2025-02-20 15:51:20.892 [info] > git status -z -uall [8ms]
2025-02-20 15:57:06.932 [info] > git check-ignore -v -z --stdin [2ms]
2025-02-20 15:57:06.994 [info] > git show --textconv :.env copy.production [4ms]
2025-02-20 15:57:06.994 [warning] [GitFileSystemProvider][readFile] File not found - git:/opt/huginn/.env%20copy.production.git?%7B%22path%22%3A%22%2Fopt%2Fhuginn%2F.env%20copy.production%22%2C%22ref%22%3A%22%22%7D
2025-02-20 15:57:06.995 [info] > git ls-files --stage -- /opt/huginn/.env copy.production [2ms]
2025-02-20 15:57:06.995 [warning] [GitFileSystemProvider][stat] File not found - git:/opt/huginn/.env%20copy.production.git?%7B%22path%22%3A%22%2Fopt%2Fhuginn%2F.env%20copy.production%22%2C%22ref%22%3A%22%22%7D
2025-02-20 15:57:07.258 [info] > git config --get commit.template [5ms]
2025-02-20 15:57:07.260 [info] > git for-each-ref --format=%(refname)%00%(upstream:short)%00%(objectname)%00%(upstream:track)%00%(upstream:remotename)%00%(upstream:remoteref) refs/heads/master refs/remotes/master [2ms]
2025-02-20 15:57:07.263 [warning] [Git][revParse] Unable to read file: ENOENT: no such file or directory, open '/opt/huginn/.git/refs/remotes/origin/master'
2025-02-20 15:57:07.264 [info] > git rev-parse refs/remotes/origin/master [1ms]
2025-02-20 15:57:07.274 [info] > git for-each-ref --sort -committerdate --format %(refname) %(objectname) %(*objectname) [2ms]
2025-02-20 15:57:07.277 [info] > git status -z -uall [8ms]
2025-02-20 15:57:29.115 [info] > git check-ignore -v -z --stdin [1ms]
2025-02-20 15:57:29.213 [info] > git show --textconv :.env.developpement [5ms]
2025-02-20 15:57:29.213 [warning] [GitFileSystemProvider][readFile] File not found - git:/opt/huginn/.env.developpement.git?%7B%22path%22%3A%22%2Fopt%2Fhuginn%2F.env.developpement%22%2C%22ref%22%3A%22%22%7D
2025-02-20 15:57:29.213 [info] > git ls-files --stage -- /opt/huginn/.env.developpement [2ms]
2025-02-20 15:57:29.214 [warning] [GitFileSystemProvider][stat] File not found - git:/opt/huginn/.env.developpement.git?%7B%22path%22%3A%22%2Fopt%2Fhuginn%2F.env.developpement%22%2C%22ref%22%3A%22%22%7D
2025-02-20 15:57:29.430 [info] > git config --get commit.template [3ms]
2025-02-20 15:57:29.431 [info] > git for-each-ref --format=%(refname)%00%(upstream:short)%00%(objectname)%00%(upstream:track)%00%(upstream:remotename)%00%(upstream:remoteref) refs/heads/master refs/remotes/master [1ms]
2025-02-20 15:57:29.434 [warning] [Git][revParse] Unable to read file: ENOENT: no such file or directory, open '/opt/huginn/.git/refs/remotes/origin/master'
2025-02-20 15:57:29.435 [info] > git rev-parse refs/remotes/origin/master [1ms]
2025-02-20 15:57:29.442 [info] > git for-each-ref --sort -committerdate --format %(refname) %(objectname) %(*objectname) [2ms]
2025-02-20 15:57:29.447 [info] > git status -z -uall [9ms]
2025-02-20 16:08:01.256 [info] > git config --get commit.template [5ms]
2025-02-20 16:08:01.257 [info] > git for-each-ref --format=%(refname)%00%(upstream:short)%00%(objectname)%00%(upstream:track)%00%(upstream:remotename)%00%(upstream:remoteref) refs/heads/master refs/remotes/master [3ms]
2025-02-20 16:08:01.259 [warning] [Git][revParse] Unable to read file: ENOENT: no such file or directory, open '/opt/huginn/.git/refs/remotes/origin/master'
2025-02-20 16:08:01.260 [info] > git rev-parse refs/remotes/origin/master [1ms]
2025-02-20 16:08:01.269 [info] > git for-each-ref --sort -committerdate --format %(refname) %(objectname) %(*objectname) [2ms]
2025-02-20 16:08:01.273 [info] > git status -z -uall [10ms]
