2025-02-21 14:45:36.312 [info] [main] Niveau du journal : Info
2025-02-21 14:45:36.312 [info] [main] Validation du git trouvé dans : «git»
2025-02-21 14:45:36.312 [info] [main] Utilisation de git "2.45.2" de "git»
2025-02-21 14:45:36.312 [info] [Model][doInitialScan] Initial repository scan started
2025-02-21 14:45:36.312 [info] > git rev-parse --show-toplevel [6ms]
2025-02-21 14:45:36.312 [info] fatal: not a git repository (or any of the parent directories): .git
2025-02-21 14:45:36.312 [warning] [Model][traverseWorkspaceFolder] Unable to read workspace folder '/lost+found': Error: EACCES: permission denied, scandir '/lost+found'
2025-02-21 14:45:36.312 [info] > git rev-parse --show-toplevel [1ms]
2025-02-21 14:45:36.312 [info] > git rev-parse --git-dir --git-common-dir [11ms]
2025-02-21 14:45:36.312 [info] [Model][openRepository] Opened repository: /opt/huginn
2025-02-21 14:45:36.312 [warning] [Model][traverseWorkspaceFolder] Unable to read workspace folder '/root': Error: EACCES: permission denied, scandir '/root'
2025-02-21 14:45:36.312 [info] > git for-each-ref --format=%(refname)%00%(upstream:short)%00%(objectname)%00%(upstream:track)%00%(upstream:remotename)%00%(upstream:remoteref) refs/heads/master refs/remotes/master [1ms]
2025-02-21 14:45:36.312 [info] > git config --get commit.template [7ms]
2025-02-21 14:45:36.312 [warning] [Git][revParse] Unable to read file: ENOENT: no such file or directory, open '/opt/huginn/.git/refs/remotes/origin/master'
2025-02-21 14:45:36.312 [info] > git rev-parse refs/remotes/origin/master [0ms]
2025-02-21 14:45:36.312 [info] > git for-each-ref --sort -committerdate --format %(refname) %(objectname) %(*objectname) [8ms]
2025-02-21 14:45:36.312 [info] > git rev-parse --show-toplevel [2ms]
2025-02-21 14:45:36.312 [info] fatal: not a git repository (or any parent up to mount point /)
Stopping at filesystem boundary (GIT_DISCOVERY_ACROSS_FILESYSTEM not set).
2025-02-21 14:45:36.312 [info] > git status -z -uall [22ms]
2025-02-21 14:45:36.312 [info] > git for-each-ref --format=%(refname)%00%(upstream:short)%00%(objectname)%00%(upstream:track)%00%(upstream:remotename)%00%(upstream:remoteref) refs/heads/master refs/remotes/master [7ms]
2025-02-21 14:45:36.312 [info] > git rev-parse --show-toplevel [47ms]
2025-02-21 14:45:36.312 [info] fatal: not a git repository (or any parent up to mount point /)
Stopping at filesystem boundary (GIT_DISCOVERY_ACROSS_FILESYSTEM not set).
2025-02-21 14:45:36.312 [info] > git config --get --local branch.master.vscode-merge-base [123ms]
2025-02-21 14:45:36.312 [info] > git config --get commit.template [135ms]
2025-02-21 14:45:36.312 [info] > git for-each-ref --format=%(refname)%00%(upstream:short)%00%(objectname)%00%(upstream:track)%00%(upstream:remotename)%00%(upstream:remoteref) refs/heads/origin/master refs/remotes/origin/master [7ms]
2025-02-21 14:45:36.312 [info] > git rev-parse --show-toplevel [31ms]
2025-02-21 14:45:36.312 [info] fatal: not a git repository (or any of the parent directories): .git
2025-02-21 14:45:36.312 [info] > git merge-base refs/heads/master refs/remotes/origin/master [14ms]
2025-02-21 14:45:36.312 [info] > git rev-parse --show-toplevel [7ms]
2025-02-21 14:45:36.312 [info] fatal: not a git repository (or any of the parent directories): .git
2025-02-21 14:45:36.312 [info] > git for-each-ref --format=%(refname)%00%(upstream:short)%00%(objectname)%00%(upstream:track)%00%(upstream:remotename)%00%(upstream:remoteref) refs/heads/master refs/remotes/master [12ms]
2025-02-21 14:45:36.312 [warning] [Git][revParse] Unable to read file: ENOENT: no such file or directory, open '/opt/huginn/.git/refs/remotes/origin/master'
2025-02-21 14:45:36.312 [info] > git rev-parse refs/remotes/origin/master [1ms]
2025-02-21 14:45:36.312 [info] > git rev-parse --show-toplevel [17ms]
2025-02-21 14:45:36.312 [info] fatal: not a git repository (or any of the parent directories): .git
2025-02-21 14:45:36.312 [info] > git diff --name-status -z --diff-filter=ADMR c65154311e67170247b4ecb519f945c5f17588e8...refs/remotes/origin/master [23ms]
2025-02-21 14:45:36.312 [info] > git rev-parse --show-toplevel [1ms]
2025-02-21 14:45:36.313 [info] fatal: not a git repository (or any of the parent directories): .git
2025-02-21 14:45:36.313 [info] > git for-each-ref --sort -committerdate --format %(refname) %(objectname) %(*objectname) [9ms]
2025-02-21 14:45:36.321 [info] > git status -z -uall [22ms]
2025-02-21 14:45:36.342 [info] > git rev-parse --show-toplevel [21ms]
2025-02-21 14:45:36.343 [info] fatal: not a git repository (or any of the parent directories): .git
2025-02-21 14:45:36.348 [info] > git rev-parse --show-toplevel [1ms]
2025-02-21 14:45:36.348 [info] fatal: not a git repository (or any parent up to mount point /)
Stopping at filesystem boundary (GIT_DISCOVERY_ACROSS_FILESYSTEM not set).
2025-02-21 14:45:36.351 [info] > git rev-parse --show-toplevel [1ms]
2025-02-21 14:45:36.351 [info] fatal: not a git repository (or any parent up to mount point /)
Stopping at filesystem boundary (GIT_DISCOVERY_ACROSS_FILESYSTEM not set).
2025-02-21 14:45:36.355 [info] > git rev-parse --show-toplevel [1ms]
2025-02-21 14:45:36.355 [info] fatal: not a git repository (or any of the parent directories): .git
2025-02-21 14:45:36.363 [info] > git rev-parse --show-toplevel [3ms]
2025-02-21 14:45:36.363 [info] fatal: not a git repository (or any of the parent directories): .git
2025-02-21 14:45:36.366 [info] > git rev-parse --show-toplevel [0ms]
2025-02-21 14:45:36.366 [info] fatal: not a git repository (or any parent up to mount point /)
Stopping at filesystem boundary (GIT_DISCOVERY_ACROSS_FILESYSTEM not set).
2025-02-21 14:45:36.370 [info] > git rev-parse --show-toplevel [1ms]
2025-02-21 14:45:36.370 [info] fatal: not a git repository (or any parent up to mount point /)
Stopping at filesystem boundary (GIT_DISCOVERY_ACROSS_FILESYSTEM not set).
2025-02-21 14:45:36.373 [info] > git rev-parse --show-toplevel [0ms]
2025-02-21 14:45:36.373 [info] fatal: not a git repository (or any of the parent directories): .git
2025-02-21 14:45:36.376 [info] > git rev-parse --show-toplevel [0ms]
2025-02-21 14:45:36.376 [info] fatal: not a git repository (or any of the parent directories): .git
2025-02-21 14:45:36.379 [info] [Model][doInitialScan] Initial repository scan completed - repositories (1), closed repositories (0), parent repositories (0), unsafe repositories (0)
2025-02-21 14:45:36.748 [info] > git check-ignore -v -z --stdin [3ms]
2025-02-21 14:45:38.653 [info] > git rev-parse --show-toplevel [0ms]
2025-02-21 14:45:38.653 [info] fatal: not a git repository (or any of the parent directories): .git
2025-02-21 14:45:42.188 [info] > git check-ignore -v -z --stdin [7ms]
2025-02-21 14:45:43.066 [info] > git check-ignore -v -z --stdin [5ms]
