2025-02-22 10:00:59.796 [info] Extension host with pid 1516 started
2025-02-22 10:00:59.796 [error] Error: EEXIST: file already exists, open '/home/neoweb/.vscode-server/data/User/workspaceStorage/1e348afde0b44d0d2158dc5a2b784ea6/vscode.lock'
2025-02-22 10:00:59.802 [info] Lock '/home/neoweb/.vscode-server/data/User/workspaceStorage/1e348afde0b44d0d2158dc5a2b784ea6/vscode.lock': Could not acquire lock, checking if the file is stale.
2025-02-22 10:00:59.811 [info] Lock '/home/neoweb/.vscode-server/data/User/workspaceStorage/1e348afde0b44d0d2158dc5a2b784ea6/vscode.lock': The pid 138224 appears to be gone.
2025-02-22 10:00:59.811 [info] Lock '/home/neoweb/.vscode-server/data/User/workspaceStorage/1e348afde0b44d0d2158dc5a2b784ea6/vscode.lock': Deleting a stale lock.
2025-02-22 10:00:59.816 [info] Lock '/home/neoweb/.vscode-server/data/User/workspaceStorage/1e348afde0b44d0d2158dc5a2b784ea6/vscode.lock': Lock acquired.
2025-02-22 10:01:00.210 [info] ExtensionService#_doActivateExtension vscode.git-base, startup: false, activationEvent: '*', root cause: vscode.git
2025-02-22 10:01:00.702 [info] ExtensionService#_doActivateExtension vscode.git, startup: false, activationEvent: '*'
2025-02-22 10:01:00.702 [info] ExtensionService#_doActivateExtension vscode.github, startup: false, activationEvent: '*'
2025-02-22 10:01:01.263 [info] Eager extensions activated
2025-02-22 10:01:01.263 [info] ExtensionService#_doActivateExtension vscode.debug-auto-launch, startup: false, activationEvent: 'onStartupFinished'
2025-02-22 10:01:01.264 [info] ExtensionService#_doActivateExtension vscode.merge-conflict, startup: false, activationEvent: 'onStartupFinished'
2025-02-22 10:20:59.310 [info] ExtensionService#_doActivateExtension vscode.npm, startup: false, activationEvent: 'onTerminalQuickFixRequest:ms-vscode.npm-command'
2025-02-22 10:27:16.718 [info] Extension host with pid 1811 started
2025-02-22 10:27:16.718 [error] Error: EEXIST: file already exists, open '/home/neoweb/.vscode-server/data/User/workspaceStorage/1e348afde0b44d0d2158dc5a2b784ea6/vscode.lock'
2025-02-22 10:27:16.721 [info] Lock '/home/neoweb/.vscode-server/data/User/workspaceStorage/1e348afde0b44d0d2158dc5a2b784ea6/vscode.lock': Could not acquire lock, checking if the file is stale.
2025-02-22 10:27:16.727 [info] Lock '/home/neoweb/.vscode-server/data/User/workspaceStorage/1e348afde0b44d0d2158dc5a2b784ea6/vscode.lock': The pid 1516 appears to be gone.
2025-02-22 10:27:16.727 [info] Lock '/home/neoweb/.vscode-server/data/User/workspaceStorage/1e348afde0b44d0d2158dc5a2b784ea6/vscode.lock': Deleting a stale lock.
2025-02-22 10:27:16.733 [info] Lock '/home/neoweb/.vscode-server/data/User/workspaceStorage/1e348afde0b44d0d2158dc5a2b784ea6/vscode.lock': Lock acquired.
2025-02-22 10:27:16.951 [info] ExtensionService#_doActivateExtension vscode.git-base, startup: false, activationEvent: '*', root cause: vscode.git
2025-02-22 10:27:16.952 [info] ExtensionService#_doActivateExtension vscode.npm, startup: false, activationEvent: 'onTerminalQuickFixRequest:ms-vscode.npm-command'
2025-02-22 10:27:17.357 [info] ExtensionService#_doActivateExtension vscode.git, startup: false, activationEvent: '*'
2025-02-22 10:27:17.358 [info] ExtensionService#_doActivateExtension vscode.github, startup: false, activationEvent: '*'
2025-02-22 10:27:17.953 [info] Eager extensions activated
2025-02-22 10:27:17.953 [info] ExtensionService#_doActivateExtension vscode.debug-auto-launch, startup: false, activationEvent: 'onStartupFinished'
2025-02-22 10:27:17.954 [info] ExtensionService#_doActivateExtension vscode.merge-conflict, startup: false, activationEvent: 'onStartupFinished'
