2025-02-22 10:59:02.874 [info] Extension host with pid 3085 started
2025-02-22 10:59:02.874 [error] Error: EEXIST: file already exists, open '/home/neoweb/.vscode-server/data/User/workspaceStorage/1e348afde0b44d0d2158dc5a2b784ea6/vscode.lock'
2025-02-22 10:59:02.876 [info] Lock '/home/neoweb/.vscode-server/data/User/workspaceStorage/1e348afde0b44d0d2158dc5a2b784ea6/vscode.lock': Could not acquire lock, checking if the file is stale.
2025-02-22 10:59:02.884 [info] Lock '/home/neoweb/.vscode-server/data/User/workspaceStorage/1e348afde0b44d0d2158dc5a2b784ea6/vscode.lock': The pid 1811 appears to be gone.
2025-02-22 10:59:02.884 [info] Lock '/home/neoweb/.vscode-server/data/User/workspaceStorage/1e348afde0b44d0d2158dc5a2b784ea6/vscode.lock': Deleting a stale lock.
2025-02-22 10:59:02.888 [info] Lock '/home/neoweb/.vscode-server/data/User/workspaceStorage/1e348afde0b44d0d2158dc5a2b784ea6/vscode.lock': Lock acquired.
2025-02-22 10:59:03.256 [info] ExtensionService#_doActivateExtension vscode.emmet, startup: false, activationEvent: 'onLanguage'
2025-02-22 10:59:03.257 [info] ExtensionService#_doActivateExtension vscode.git-base, startup: false, activationEvent: '*', root cause: vscode.git
2025-02-22 10:59:03.792 [info] ExtensionService#_doActivateExtension vscode.git, startup: false, activationEvent: '*'
2025-02-22 10:59:03.792 [info] ExtensionService#_doActivateExtension vscode.github, startup: false, activationEvent: '*'
2025-02-22 10:59:04.349 [info] Eager extensions activated
2025-02-22 10:59:04.349 [info] ExtensionService#_doActivateExtension vscode.debug-auto-launch, startup: false, activationEvent: 'onStartupFinished'
2025-02-22 10:59:04.349 [info] ExtensionService#_doActivateExtension vscode.merge-conflict, startup: false, activationEvent: 'onStartupFinished'
2025-02-22 11:00:09.786 [warning] [Decorations] CAPPING events from decorations provider vscode.git 1163
2025-02-22 11:00:10.096 [warning] [Decorations] CAPPING events from decorations provider vscode.git 1163
2025-02-22 11:00:20.884 [info] ExtensionService#_doActivateExtension github.vscode-github-actions, startup: false, activationEvent: 'onLanguage:github-actions-workflow'
2025-02-22 11:17:18.481 [info] Extension host with pid 3392 started
2025-02-22 11:17:18.481 [error] Error: EEXIST: file already exists, open '/home/neoweb/.vscode-server/data/User/workspaceStorage/1e348afde0b44d0d2158dc5a2b784ea6/vscode.lock'
2025-02-22 11:17:18.484 [info] Lock '/home/neoweb/.vscode-server/data/User/workspaceStorage/1e348afde0b44d0d2158dc5a2b784ea6/vscode.lock': Could not acquire lock, checking if the file is stale.
2025-02-22 11:17:18.489 [info] Lock '/home/neoweb/.vscode-server/data/User/workspaceStorage/1e348afde0b44d0d2158dc5a2b784ea6/vscode.lock': The pid 3085 appears to be gone.
2025-02-22 11:17:18.489 [info] Lock '/home/neoweb/.vscode-server/data/User/workspaceStorage/1e348afde0b44d0d2158dc5a2b784ea6/vscode.lock': Deleting a stale lock.
2025-02-22 11:17:18.496 [info] Lock '/home/neoweb/.vscode-server/data/User/workspaceStorage/1e348afde0b44d0d2158dc5a2b784ea6/vscode.lock': Lock acquired.
2025-02-22 11:17:18.717 [info] ExtensionService#_doActivateExtension vscode.emmet, startup: false, activationEvent: 'onLanguage'
2025-02-22 11:17:18.718 [info] ExtensionService#_doActivateExtension vscode.git-base, startup: false, activationEvent: '*', root cause: vscode.git
2025-02-22 11:17:18.718 [info] ExtensionService#_doActivateExtension github.vscode-github-actions, startup: false, activationEvent: 'onLanguage:github-actions-workflow'
2025-02-22 11:17:19.216 [info] ExtensionService#_doActivateExtension vscode.git, startup: false, activationEvent: '*'
2025-02-22 11:17:19.216 [info] ExtensionService#_doActivateExtension vscode.github, startup: false, activationEvent: '*'
2025-02-22 11:17:23.487 [info] Eager extensions activated
2025-02-22 11:17:23.487 [info] ExtensionService#_doActivateExtension vscode.debug-auto-launch, startup: false, activationEvent: 'onStartupFinished'
2025-02-22 11:17:23.488 [info] ExtensionService#_doActivateExtension vscode.merge-conflict, startup: false, activationEvent: 'onStartupFinished'
2025-02-22 14:18:00.768 [info] Extension host terminating: renderer disconnected for too long (2)
2025-02-22 14:18:00.769 [info] Lock '/home/neoweb/.vscode-server/data/User/workspaceStorage/1e348afde0b44d0d2158dc5a2b784ea6/vscode.lock': Marking the lockfile as scheduled to be released in 6000 ms.
2025-02-22 14:18:00.784 [info] Extension host with pid 3392 exiting with code 0
