2025-02-20 09:01:49.637 [info] [main] Niveau du journal : Info
2025-02-20 09:01:49.637 [info] [main] Validation du git trouvé dans : «git»
2025-02-20 09:01:49.637 [info] [main] Utilisation de git "2.45.2" de "git»
2025-02-20 09:01:49.637 [info] [Model][doInitialScan] Initial repository scan started
2025-02-20 09:01:49.637 [info] > git rev-parse --show-toplevel [2ms]
2025-02-20 09:01:49.637 [info] fatal: not a git repository (or any of the parent directories): .git
2025-02-20 09:01:49.637 [warning] [Model][traverseWorkspaceFolder] Unable to read workspace folder '/lost+found': Error: EACCES: permission denied, scandir '/lost+found'
2025-02-20 09:01:49.637 [warning] [Model][traverseWorkspaceFolder] Unable to read workspace folder '/root': Error: EACCES: permission denied, scandir '/root'
2025-02-20 09:01:49.637 [info] > git rev-parse --show-toplevel [1ms]
2025-02-20 09:01:49.637 [info] fatal: not a git repository (or any parent up to mount point /)
Stopping at filesystem boundary (GIT_DISCOVERY_ACROSS_FILESYSTEM not set).
2025-02-20 09:01:49.637 [info] > git rev-parse --show-toplevel [0ms]
2025-02-20 09:01:49.637 [info] fatal: not a git repository (or any parent up to mount point /)
Stopping at filesystem boundary (GIT_DISCOVERY_ACROSS_FILESYSTEM not set).
2025-02-20 09:01:49.637 [info] > git rev-parse --show-toplevel [1ms]
2025-02-20 09:01:49.637 [info] fatal: not a git repository (or any of the parent directories): .git
2025-02-20 09:01:49.637 [info] > git rev-parse --show-toplevel [1ms]
2025-02-20 09:01:49.637 [info] fatal: not a git repository (or any of the parent directories): .git
2025-02-20 09:01:49.637 [info] > git rev-parse --show-toplevel [4ms]
2025-02-20 09:01:49.637 [info] fatal: not a git repository (or any of the parent directories): .git
2025-02-20 09:01:49.637 [info] > git rev-parse --show-toplevel [4ms]
2025-02-20 09:01:49.637 [info] fatal: not a git repository (or any of the parent directories): .git
2025-02-20 09:01:49.637 [info] > git rev-parse --show-toplevel [4ms]
2025-02-20 09:01:49.637 [info] fatal: not a git repository (or any of the parent directories): .git
2025-02-20 09:01:49.637 [info] > git rev-parse --show-toplevel [2ms]
2025-02-20 09:01:49.637 [info] fatal: not a git repository (or any parent up to mount point /)
Stopping at filesystem boundary (GIT_DISCOVERY_ACROSS_FILESYSTEM not set).
2025-02-20 09:01:49.637 [info] > git rev-parse --show-toplevel [1ms]
2025-02-20 09:01:49.637 [info] fatal: not a git repository (or any parent up to mount point /)
Stopping at filesystem boundary (GIT_DISCOVERY_ACROSS_FILESYSTEM not set).
2025-02-20 09:01:49.637 [info] > git rev-parse --show-toplevel [4ms]
2025-02-20 09:01:49.637 [info] fatal: not a git repository (or any of the parent directories): .git
2025-02-20 09:01:49.637 [info] > git rev-parse --show-toplevel [4ms]
2025-02-20 09:01:49.637 [info] fatal: not a git repository (or any of the parent directories): .git
2025-02-20 09:01:49.637 [info] > git rev-parse --show-toplevel [1ms]
2025-02-20 09:01:49.637 [info] fatal: not a git repository (or any parent up to mount point /)
Stopping at filesystem boundary (GIT_DISCOVERY_ACROSS_FILESYSTEM not set).
2025-02-20 09:01:49.637 [info] > git rev-parse --show-toplevel [1ms]
2025-02-20 09:01:49.637 [info] fatal: not a git repository (or any parent up to mount point /)
Stopping at filesystem boundary (GIT_DISCOVERY_ACROSS_FILESYSTEM not set).
2025-02-20 09:01:49.637 [info] > git rev-parse --show-toplevel [1ms]
2025-02-20 09:01:49.637 [info] fatal: not a git repository (or any of the parent directories): .git
2025-02-20 09:01:49.637 [info] > git rev-parse --show-toplevel [4ms]
2025-02-20 09:01:49.637 [info] fatal: not a git repository (or any of the parent directories): .git
2025-02-20 09:01:49.637 [info] [Model][doInitialScan] Initial repository scan completed - repositories (0), closed repositories (0), parent repositories (0), unsafe repositories (0)
2025-02-20 09:01:50.237 [info] > git rev-parse --show-toplevel [1ms]
2025-02-20 09:01:50.237 [info] fatal: not a git repository (or any of the parent directories): .git
2025-02-20 09:01:52.077 [info] > git rev-parse --show-toplevel [1ms]
2025-02-20 09:01:52.077 [info] fatal: not a git repository (or any of the parent directories): .git
2025-02-20 09:31:05.441 [info] [main] Niveau du journal : Info
2025-02-20 09:31:05.441 [info] [main] Validation du git trouvé dans : «git»
2025-02-20 09:31:05.441 [info] [main] Utilisation de git "2.45.2" de "git»
2025-02-20 09:31:05.441 [info] [Model][doInitialScan] Initial repository scan started
2025-02-20 09:31:05.441 [info] > git rev-parse --show-toplevel [5ms]
2025-02-20 09:31:05.441 [info] fatal: not a git repository (or any of the parent directories): .git
2025-02-20 09:31:05.441 [warning] [Model][traverseWorkspaceFolder] Unable to read workspace folder '/lost+found': Error: EACCES: permission denied, scandir '/lost+found'
2025-02-20 09:31:05.441 [warning] [Model][traverseWorkspaceFolder] Unable to read workspace folder '/root': Error: EACCES: permission denied, scandir '/root'
2025-02-20 09:31:05.441 [info] > git rev-parse --show-toplevel [1ms]
2025-02-20 09:31:05.441 [info] fatal: not a git repository (or any parent up to mount point /)
Stopping at filesystem boundary (GIT_DISCOVERY_ACROSS_FILESYSTEM not set).
2025-02-20 09:31:05.441 [info] > git rev-parse --show-toplevel [1ms]
2025-02-20 09:31:05.441 [info] fatal: not a git repository (or any parent up to mount point /)
Stopping at filesystem boundary (GIT_DISCOVERY_ACROSS_FILESYSTEM not set).
2025-02-20 09:31:05.441 [info] > git rev-parse --show-toplevel [1ms]
2025-02-20 09:31:05.441 [info] fatal: not a git repository (or any of the parent directories): .git
2025-02-20 09:31:05.441 [info] > git rev-parse --show-toplevel [1ms]
2025-02-20 09:31:05.441 [info] fatal: not a git repository (or any of the parent directories): .git
2025-02-20 09:31:05.441 [info] > git rev-parse --show-toplevel [1ms]
2025-02-20 09:31:05.441 [info] fatal: not a git repository (or any of the parent directories): .git
2025-02-20 09:31:05.441 [info] > git rev-parse --show-toplevel [1ms]
2025-02-20 09:31:05.441 [info] fatal: not a git repository (or any of the parent directories): .git
2025-02-20 09:31:05.441 [info] > git rev-parse --show-toplevel [1ms]
2025-02-20 09:31:05.441 [info] fatal: not a git repository (or any of the parent directories): .git
2025-02-20 09:31:05.441 [info] > git rev-parse --show-toplevel [1ms]
2025-02-20 09:31:05.441 [info] fatal: not a git repository (or any parent up to mount point /)
Stopping at filesystem boundary (GIT_DISCOVERY_ACROSS_FILESYSTEM not set).
2025-02-20 09:31:05.441 [info] > git rev-parse --show-toplevel [1ms]
2025-02-20 09:31:05.441 [info] fatal: not a git repository (or any parent up to mount point /)
Stopping at filesystem boundary (GIT_DISCOVERY_ACROSS_FILESYSTEM not set).
2025-02-20 09:31:05.441 [info] > git rev-parse --show-toplevel [1ms]
2025-02-20 09:31:05.441 [info] fatal: not a git repository (or any of the parent directories): .git
2025-02-20 09:31:05.441 [info] > git rev-parse --show-toplevel [1ms]
2025-02-20 09:31:05.441 [info] fatal: not a git repository (or any of the parent directories): .git
2025-02-20 09:31:05.441 [info] > git rev-parse --show-toplevel [0ms]
2025-02-20 09:31:05.441 [info] fatal: not a git repository (or any parent up to mount point /)
Stopping at filesystem boundary (GIT_DISCOVERY_ACROSS_FILESYSTEM not set).
2025-02-20 09:31:05.441 [info] > git rev-parse --show-toplevel [1ms]
2025-02-20 09:31:05.441 [info] fatal: not a git repository (or any parent up to mount point /)
Stopping at filesystem boundary (GIT_DISCOVERY_ACROSS_FILESYSTEM not set).
2025-02-20 09:31:05.441 [info] > git rev-parse --show-toplevel [1ms]
2025-02-20 09:31:05.441 [info] fatal: not a git repository (or any of the parent directories): .git
2025-02-20 09:31:05.441 [info] > git rev-parse --show-toplevel [1ms]
2025-02-20 09:31:05.441 [info] fatal: not a git repository (or any of the parent directories): .git
2025-02-20 09:31:05.441 [info] [Model][doInitialScan] Initial repository scan completed - repositories (0), closed repositories (0), parent repositories (0), unsafe repositories (0)
2025-02-20 09:43:38.621 [info] [main] Niveau du journal : Info
2025-02-20 09:43:38.622 [info] [main] Validation du git trouvé dans : «git»
2025-02-20 09:43:38.622 [info] [main] Utilisation de git "2.45.2" de "git»
2025-02-20 09:43:38.622 [info] [Model][doInitialScan] Initial repository scan started
2025-02-20 09:43:38.622 [warning] [Model][traverseWorkspaceFolder] Unable to read workspace folder '/lost+found': Error: EACCES: permission denied, scandir '/lost+found'
2025-02-20 09:43:38.622 [info] > git rev-parse --show-toplevel [3ms]
2025-02-20 09:43:38.622 [info] fatal: not a git repository (or any of the parent directories): .git
2025-02-20 09:43:38.622 [warning] [Model][traverseWorkspaceFolder] Unable to read workspace folder '/root': Error: EACCES: permission denied, scandir '/root'
2025-02-20 09:43:38.622 [info] > git rev-parse --show-toplevel [1ms]
2025-02-20 09:43:38.622 [info] fatal: not a git repository (or any parent up to mount point /)
Stopping at filesystem boundary (GIT_DISCOVERY_ACROSS_FILESYSTEM not set).
2025-02-20 09:43:38.622 [info] > git rev-parse --show-toplevel [1ms]
2025-02-20 09:43:38.622 [info] fatal: not a git repository (or any parent up to mount point /)
Stopping at filesystem boundary (GIT_DISCOVERY_ACROSS_FILESYSTEM not set).
2025-02-20 09:43:38.622 [info] > git rev-parse --show-toplevel [1ms]
2025-02-20 09:43:38.622 [info] fatal: not a git repository (or any of the parent directories): .git
2025-02-20 09:43:38.622 [info] > git rev-parse --show-toplevel [1ms]
2025-02-20 09:43:38.622 [info] fatal: not a git repository (or any of the parent directories): .git
2025-02-20 09:43:38.622 [info] > git rev-parse --show-toplevel [1ms]
2025-02-20 09:43:38.622 [info] fatal: not a git repository (or any of the parent directories): .git
2025-02-20 09:43:38.622 [info] > git rev-parse --show-toplevel [1ms]
2025-02-20 09:43:38.622 [info] fatal: not a git repository (or any of the parent directories): .git
2025-02-20 09:43:38.622 [info] > git rev-parse --show-toplevel [1ms]
2025-02-20 09:43:38.622 [info] fatal: not a git repository (or any of the parent directories): .git
2025-02-20 09:43:38.622 [info] > git rev-parse --show-toplevel [1ms]
2025-02-20 09:43:38.622 [info] fatal: not a git repository (or any parent up to mount point /)
Stopping at filesystem boundary (GIT_DISCOVERY_ACROSS_FILESYSTEM not set).
2025-02-20 09:43:38.622 [info] > git rev-parse --show-toplevel [0ms]
2025-02-20 09:43:38.622 [info] fatal: not a git repository (or any parent up to mount point /)
Stopping at filesystem boundary (GIT_DISCOVERY_ACROSS_FILESYSTEM not set).
2025-02-20 09:43:38.622 [info] > git rev-parse --show-toplevel [2ms]
2025-02-20 09:43:38.622 [info] fatal: not a git repository (or any of the parent directories): .git
2025-02-20 09:43:38.622 [info] > git rev-parse --show-toplevel [2ms]
2025-02-20 09:43:38.622 [info] fatal: not a git repository (or any of the parent directories): .git
2025-02-20 09:43:38.622 [info] > git rev-parse --show-toplevel [1ms]
2025-02-20 09:43:38.622 [info] fatal: not a git repository (or any parent up to mount point /)
Stopping at filesystem boundary (GIT_DISCOVERY_ACROSS_FILESYSTEM not set).
2025-02-20 09:43:38.622 [info] > git rev-parse --show-toplevel [1ms]
2025-02-20 09:43:38.622 [info] fatal: not a git repository (or any parent up to mount point /)
Stopping at filesystem boundary (GIT_DISCOVERY_ACROSS_FILESYSTEM not set).
2025-02-20 09:43:38.622 [info] > git rev-parse --show-toplevel [1ms]
2025-02-20 09:43:38.622 [info] fatal: not a git repository (or any of the parent directories): .git
2025-02-20 09:43:38.622 [info] > git rev-parse --show-toplevel [1ms]
2025-02-20 09:43:38.622 [info] fatal: not a git repository (or any of the parent directories): .git
2025-02-20 09:43:38.622 [info] [Model][doInitialScan] Initial repository scan completed - repositories (0), closed repositories (0), parent repositories (0), unsafe repositories (0)
2025-02-20 09:58:50.174 [info] [main] Niveau du journal : Info
2025-02-20 09:58:50.174 [info] [main] Validation du git trouvé dans : «git»
2025-02-20 09:58:50.174 [info] [main] Utilisation de git "2.45.2" de "git»
2025-02-20 09:58:50.174 [info] [Model][doInitialScan] Initial repository scan started
2025-02-20 09:58:50.174 [info] > git rev-parse --show-toplevel [5ms]
2025-02-20 09:58:50.174 [info] fatal: not a git repository (or any of the parent directories): .git
2025-02-20 09:58:50.174 [warning] [Model][traverseWorkspaceFolder] Unable to read workspace folder '/lost+found': Error: EACCES: permission denied, scandir '/lost+found'
2025-02-20 09:58:50.174 [warning] [Model][traverseWorkspaceFolder] Unable to read workspace folder '/root': Error: EACCES: permission denied, scandir '/root'
2025-02-20 09:58:50.174 [info] > git rev-parse --show-toplevel [1ms]
2025-02-20 09:58:50.174 [info] fatal: not a git repository (or any parent up to mount point /)
Stopping at filesystem boundary (GIT_DISCOVERY_ACROSS_FILESYSTEM not set).
2025-02-20 09:58:50.174 [info] > git rev-parse --show-toplevel [1ms]
2025-02-20 09:58:50.174 [info] fatal: not a git repository (or any parent up to mount point /)
Stopping at filesystem boundary (GIT_DISCOVERY_ACROSS_FILESYSTEM not set).
2025-02-20 09:58:50.174 [info] > git rev-parse --show-toplevel [1ms]
2025-02-20 09:58:50.174 [info] fatal: not a git repository (or any of the parent directories): .git
2025-02-20 09:58:50.174 [info] > git rev-parse --show-toplevel [1ms]
2025-02-20 09:58:50.174 [info] fatal: not a git repository (or any of the parent directories): .git
2025-02-20 09:58:50.174 [info] > git rev-parse --show-toplevel [1ms]
2025-02-20 09:58:50.174 [info] fatal: not a git repository (or any of the parent directories): .git
2025-02-20 09:58:50.174 [info] > git rev-parse --show-toplevel [1ms]
2025-02-20 09:58:50.174 [info] fatal: not a git repository (or any of the parent directories): .git
2025-02-20 09:58:50.174 [info] > git rev-parse --show-toplevel [1ms]
2025-02-20 09:58:50.174 [info] fatal: not a git repository (or any of the parent directories): .git
2025-02-20 09:58:50.174 [info] > git rev-parse --show-toplevel [1ms]
2025-02-20 09:58:50.174 [info] fatal: not a git repository (or any parent up to mount point /)
Stopping at filesystem boundary (GIT_DISCOVERY_ACROSS_FILESYSTEM not set).
2025-02-20 09:58:50.174 [info] > git rev-parse --show-toplevel [1ms]
2025-02-20 09:58:50.174 [info] fatal: not a git repository (or any parent up to mount point /)
Stopping at filesystem boundary (GIT_DISCOVERY_ACROSS_FILESYSTEM not set).
2025-02-20 09:58:50.174 [info] > git rev-parse --show-toplevel [1ms]
2025-02-20 09:58:50.174 [info] fatal: not a git repository (or any of the parent directories): .git
2025-02-20 09:58:50.174 [info] > git rev-parse --show-toplevel [1ms]
2025-02-20 09:58:50.174 [info] fatal: not a git repository (or any of the parent directories): .git
2025-02-20 09:58:50.174 [info] > git rev-parse --show-toplevel [1ms]
2025-02-20 09:58:50.174 [info] fatal: not a git repository (or any parent up to mount point /)
Stopping at filesystem boundary (GIT_DISCOVERY_ACROSS_FILESYSTEM not set).
2025-02-20 09:58:50.174 [info] > git rev-parse --show-toplevel [1ms]
2025-02-20 09:58:50.174 [info] fatal: not a git repository (or any parent up to mount point /)
Stopping at filesystem boundary (GIT_DISCOVERY_ACROSS_FILESYSTEM not set).
2025-02-20 09:58:50.174 [info] > git rev-parse --show-toplevel [1ms]
2025-02-20 09:58:50.174 [info] fatal: not a git repository (or any of the parent directories): .git
2025-02-20 09:58:50.174 [info] > git rev-parse --show-toplevel [0ms]
2025-02-20 09:58:50.174 [info] fatal: not a git repository (or any of the parent directories): .git
2025-02-20 09:58:50.174 [info] [Model][doInitialScan] Initial repository scan completed - repositories (0), closed repositories (0), parent repositories (0), unsafe repositories (0)
2025-02-20 10:07:26.431 [info] > git rev-parse --show-toplevel [5ms]
2025-02-20 10:07:26.513 [info] > git rev-parse --git-dir --git-common-dir [1ms]
2025-02-20 10:07:26.531 [info] [Model][openRepository] Opened repository: /var/backups
2025-02-20 10:07:26.613 [info] > git config --get commit.template [5ms]
2025-02-20 10:07:26.685 [info] > git for-each-ref --format=%(refname)%00%(upstream:short)%00%(objectname)%00%(upstream:track)%00%(upstream:remotename)%00%(upstream:remoteref) refs/heads/main refs/remotes/main [2ms]
2025-02-20 10:07:26.829 [info] > git status -z -uall [72ms]
2025-02-20 10:07:26.830 [info] > git for-each-ref --sort -committerdate --format %(refname) %(objectname) %(*objectname) [4ms]
2025-02-20 10:07:27.013 [info] > git for-each-ref --format=%(refname)%00%(upstream:short)%00%(objectname)%00%(upstream:track)%00%(upstream:remotename)%00%(upstream:remoteref) refs/heads/main refs/remotes/main [109ms]
2025-02-20 10:07:27.084 [info] > git config --get commit.template [72ms]
2025-02-20 10:07:27.085 [info] > git config --get --local branch.main.vscode-merge-base [2ms]
2025-02-20 10:07:27.085 [warning] [Git][config] git config failed: Failed to execute git
2025-02-20 10:07:27.238 [info] > git reflog main --grep-reflog=branch: Created from *. [85ms]
2025-02-20 10:07:27.304 [info] > git for-each-ref --format=%(refname)%00%(upstream:short)%00%(objectname)%00%(upstream:track)%00%(upstream:remotename)%00%(upstream:remoteref) refs/heads/main refs/remotes/main [66ms]
2025-02-20 10:07:27.743 [info] > git status -z -uall [360ms]
2025-02-20 10:07:27.743 [info] > git check-ignore -v -z --stdin [211ms]
2025-02-20 10:07:27.744 [info] > git show --textconv :.gitignore [130ms]
2025-02-20 10:07:27.744 [info] > git for-each-ref --sort -committerdate --format %(refname) %(objectname) %(*objectname) [286ms]
2025-02-20 10:07:27.835 [info] > git symbolic-ref --short refs/remotes/origin/HEAD [536ms]
2025-02-20 10:07:27.835 [info] fatal: ref refs/remotes/origin/HEAD is not a symbolic ref
2025-02-20 10:07:27.835 [warning] [Repository][getDefaultBranch] Failed to get default branch details: Failed to execute git.
2025-02-20 10:07:27.837 [info] > git for-each-ref --format=%(refname)%00%(upstream:short)%00%(objectname)%00%(upstream:track)%00%(upstream:remotename)%00%(upstream:remoteref) refs/heads/main refs/remotes/main [3ms]
2025-02-20 10:07:27.907 [info] > git ls-files --stage -- /var/backups/.gitignore [224ms]
2025-02-20 10:07:27.977 [info] > git config --get --local branch.main.vscode-merge-base [70ms]
2025-02-20 10:07:27.977 [warning] [Git][config] git config failed: Failed to execute git
2025-02-20 10:07:28.058 [info] > git cat-file -s ed52d3a5ced939c5a2b67b194d0d4709e56d32ba [83ms]
2025-02-20 10:07:28.059 [info] > git reflog main --grep-reflog=branch: Created from *. [12ms]
2025-02-20 10:07:28.123 [info] > git symbolic-ref --short refs/remotes/origin/HEAD [1ms]
2025-02-20 10:07:28.123 [info] fatal: ref refs/remotes/origin/HEAD is not a symbolic ref
2025-02-20 10:07:28.123 [warning] [Repository][getDefaultBranch] Failed to get default branch details: Failed to execute git.
2025-02-20 10:11:30.794 [info] [main] Niveau du journal : Info
2025-02-20 10:11:30.794 [info] [main] Validation du git trouvé dans : «git»
2025-02-20 10:11:30.794 [info] [main] Utilisation de git "2.45.2" de "git»
2025-02-20 10:11:30.794 [info] [Model][doInitialScan] Initial repository scan started
2025-02-20 10:11:30.794 [warning] [Model][traverseWorkspaceFolder] Unable to read workspace folder '/lost+found': Error: EACCES: permission denied, scandir '/lost+found'
2025-02-20 10:11:30.794 [info] > git rev-parse --show-toplevel [3ms]
2025-02-20 10:11:30.794 [info] fatal: not a git repository (or any of the parent directories): .git
2025-02-20 10:11:30.794 [warning] [Model][traverseWorkspaceFolder] Unable to read workspace folder '/root': Error: EACCES: permission denied, scandir '/root'
2025-02-20 10:11:30.794 [info] > git rev-parse --show-toplevel [2ms]
2025-02-20 10:11:30.794 [info] > git rev-parse --git-dir --git-common-dir [1ms]
2025-02-20 10:11:30.794 [info] [Model][openRepository] Opened repository: /var/backups
2025-02-20 10:11:30.794 [info] > git config --get commit.template [2ms]
2025-02-20 10:11:30.794 [info] > git rev-parse --show-toplevel [1ms]
2025-02-20 10:11:30.794 [info] fatal: not a git repository (or any parent up to mount point /)
Stopping at filesystem boundary (GIT_DISCOVERY_ACROSS_FILESYSTEM not set).
2025-02-20 10:11:30.794 [info] > git rev-parse --show-toplevel [1ms]
2025-02-20 10:11:30.794 [info] fatal: not a git repository (or any parent up to mount point /)
Stopping at filesystem boundary (GIT_DISCOVERY_ACROSS_FILESYSTEM not set).
2025-02-20 10:11:30.794 [info] > git for-each-ref --format=%(refname)%00%(upstream:short)%00%(objectname)%00%(upstream:track)%00%(upstream:remotename)%00%(upstream:remoteref) refs/heads/main refs/remotes/main [4ms]
2025-02-20 10:11:30.794 [info] > git rev-parse --show-toplevel [1ms]
2025-02-20 10:11:30.794 [info] fatal: not a git repository (or any of the parent directories): .git
2025-02-20 10:11:30.794 [info] > git for-each-ref --sort -committerdate --format %(refname) %(objectname) %(*objectname) [4ms]
2025-02-20 10:11:30.794 [info] > git status -z -uall [9ms]
2025-02-20 10:11:30.794 [info] > git for-each-ref --format=%(refname)%00%(upstream:short)%00%(objectname)%00%(upstream:track)%00%(upstream:remotename)%00%(upstream:remoteref) refs/heads/main refs/remotes/main [5ms]
2025-02-20 10:11:30.795 [info] > git rev-parse --show-toplevel [13ms]
2025-02-20 10:11:30.795 [info] fatal: not a git repository (or any of the parent directories): .git
2025-02-20 10:11:30.795 [info] > git config --get commit.template [6ms]
2025-02-20 10:11:30.795 [info] > git config --get --local branch.main.vscode-merge-base [3ms]
2025-02-20 10:11:30.795 [warning] [Git][config] git config failed: Failed to execute git
2025-02-20 10:11:30.795 [info] > git rev-parse --show-toplevel [6ms]
2025-02-20 10:11:30.795 [info] fatal: not a git repository (or any of the parent directories): .git
2025-02-20 10:11:30.795 [info] > git for-each-ref --format=%(refname)%00%(upstream:short)%00%(objectname)%00%(upstream:track)%00%(upstream:remotename)%00%(upstream:remoteref) refs/heads/main refs/remotes/main [2ms]
2025-02-20 10:11:30.795 [info] > git reflog main --grep-reflog=branch: Created from *. [10ms]
2025-02-20 10:11:30.795 [info] > git status -z -uall [5ms]
2025-02-20 10:11:30.795 [info] > git for-each-ref --sort -committerdate --format %(refname) %(objectname) %(*objectname) [2ms]
2025-02-20 10:11:30.795 [info] > git rev-parse --show-toplevel [34ms]
2025-02-20 10:11:30.795 [info] fatal: not a git repository (or any of the parent directories): .git
2025-02-20 10:11:30.795 [info] > git for-each-ref --format=%(refname)%00%(upstream:short)%00%(objectname)%00%(upstream:track)%00%(upstream:remotename)%00%(upstream:remoteref) refs/heads/main refs/remotes/main [4ms]
2025-02-20 10:11:30.795 [info] > git symbolic-ref --short refs/remotes/origin/HEAD [32ms]
2025-02-20 10:11:30.795 [info] fatal: ref refs/remotes/origin/HEAD is not a symbolic ref
2025-02-20 10:11:30.795 [warning] [Repository][getDefaultBranch] Failed to get default branch details: Failed to execute git.
2025-02-20 10:11:30.795 [info] > git rev-parse --show-toplevel [4ms]
2025-02-20 10:11:30.795 [info] fatal: not a git repository (or any of the parent directories): .git
2025-02-20 10:11:30.795 [info] > git config --get --local branch.main.vscode-merge-base [2ms]
2025-02-20 10:11:30.795 [warning] [Git][config] git config failed: Failed to execute git
2025-02-20 10:11:30.795 [info] > git rev-parse --show-toplevel [2ms]
2025-02-20 10:11:30.795 [info] fatal: not a git repository (or any parent up to mount point /)
Stopping at filesystem boundary (GIT_DISCOVERY_ACROSS_FILESYSTEM not set).
2025-02-20 10:11:30.795 [info] > git reflog main --grep-reflog=branch: Created from *. [5ms]
2025-02-20 10:11:30.795 [info] > git symbolic-ref --short refs/remotes/origin/HEAD [3ms]
2025-02-20 10:11:30.795 [info] fatal: ref refs/remotes/origin/HEAD is not a symbolic ref
2025-02-20 10:11:30.795 [warning] [Repository][getDefaultBranch] Failed to get default branch details: Failed to execute git.
2025-02-20 10:11:30.795 [info] > git rev-parse --show-toplevel [1ms]
2025-02-20 10:11:30.795 [info] fatal: not a git repository (or any parent up to mount point /)
Stopping at filesystem boundary (GIT_DISCOVERY_ACROSS_FILESYSTEM not set).
2025-02-20 10:11:30.795 [info] > git rev-parse --show-toplevel [1ms]
2025-02-20 10:11:30.795 [info] fatal: not a git repository (or any of the parent directories): .git
2025-02-20 10:11:30.795 [info] > git rev-parse --show-toplevel [0ms]
2025-02-20 10:11:30.795 [info] fatal: not a git repository (or any of the parent directories): .git
2025-02-20 10:11:30.795 [info] > git rev-parse --show-toplevel [1ms]
2025-02-20 10:11:30.795 [info] fatal: not a git repository (or any parent up to mount point /)
Stopping at filesystem boundary (GIT_DISCOVERY_ACROSS_FILESYSTEM not set).
2025-02-20 10:11:30.795 [info] > git rev-parse --show-toplevel [1ms]
2025-02-20 10:11:30.795 [info] fatal: not a git repository (or any parent up to mount point /)
Stopping at filesystem boundary (GIT_DISCOVERY_ACROSS_FILESYSTEM not set).
2025-02-20 10:11:30.795 [info] > git rev-parse --show-toplevel [1ms]
2025-02-20 10:11:30.795 [info] fatal: not a git repository (or any of the parent directories): .git
2025-02-20 10:11:30.795 [info] > git rev-parse --show-toplevel [1ms]
2025-02-20 10:11:30.795 [info] fatal: not a git repository (or any of the parent directories): .git
2025-02-20 10:11:30.795 [info] [Model][doInitialScan] Initial repository scan completed - repositories (1), closed repositories (0), parent repositories (0), unsafe repositories (0)
2025-02-20 10:11:30.907 [info] > git ls-files --stage -- /var/backups/.gitignore [2ms]
2025-02-20 10:11:30.911 [info] > git cat-file -s ed52d3a5ced939c5a2b67b194d0d4709e56d32ba [2ms]
2025-02-20 10:11:31.268 [info] > git show --textconv :.gitignore [49ms]
2025-02-20 10:11:31.467 [info] > git check-ignore -v -z --stdin [2ms]
2025-02-20 10:11:40.824 [info] > git config --get commit.template [3ms]
2025-02-20 10:11:40.832 [info] > git for-each-ref --format=%(refname)%00%(upstream:short)%00%(objectname)%00%(upstream:track)%00%(upstream:remotename)%00%(upstream:remoteref) refs/heads/main refs/remotes/main [1ms]
2025-02-20 10:11:40.847 [info] > git status -z -uall [10ms]
2025-02-20 10:11:40.847 [info] > git for-each-ref --sort -committerdate --format %(refname) %(objectname) %(*objectname) [4ms]
2025-02-20 10:12:11.720 [info] > git check-ignore -v -z --stdin [5ms]
2025-02-20 10:12:11.880 [info] > git show --textconv :backup_vps.sh [14ms]
2025-02-20 10:12:11.898 [info] > git ls-files --stage -- /var/backups/backup_vps.sh [18ms]
2025-02-20 10:12:11.915 [info] > git hash-object -t tree /dev/null [17ms]
2025-02-20 10:12:11.915 [warning] [GitFileSystemProvider][readFile] File not found - git:/var/backups/backup_vps.sh.git?%7B%22path%22%3A%22%2Fvar%2Fbackups%2Fbackup_vps.sh%22%2C%22ref%22%3A%22%22%7D
2025-02-20 10:12:11.920 [info] > git hash-object -t tree /dev/null [6ms]
2025-02-20 10:12:11.920 [warning] [GitFileSystemProvider][stat] File not found - git:/var/backups/backup_vps.sh.git?%7B%22path%22%3A%22%2Fvar%2Fbackups%2Fbackup_vps.sh%22%2C%22ref%22%3A%22%22%7D
2025-02-20 10:12:11.984 [info] > git config --get commit.template [22ms]
2025-02-20 10:12:11.988 [info] > git for-each-ref --format=%(refname)%00%(upstream:short)%00%(objectname)%00%(upstream:track)%00%(upstream:remotename)%00%(upstream:remoteref) refs/heads/main refs/remotes/main [4ms]
2025-02-20 10:12:12.023 [info] > git status -z -uall [17ms]
2025-02-20 10:12:12.024 [info] > git for-each-ref --sort -committerdate --format %(refname) %(objectname) %(*objectname) [5ms]
2025-02-20 10:13:43.782 [info] > git config --get commit.template [35ms]
2025-02-20 10:13:43.783 [info] > git for-each-ref --format=%(refname)%00%(upstream:short)%00%(objectname)%00%(upstream:track)%00%(upstream:remotename)%00%(upstream:remoteref) refs/heads/main refs/remotes/main [1ms]
2025-02-20 10:13:43.839 [info] > git status -z -uall [28ms]
2025-02-20 10:13:43.840 [info] > git for-each-ref --sort -committerdate --format %(refname) %(objectname) %(*objectname) [2ms]
2025-02-20 10:14:32.377 [info] > git rev-parse --show-toplevel [1ms]
2025-02-20 10:14:32.377 [info] fatal: not a git repository (or any parent up to mount point /)
Stopping at filesystem boundary (GIT_DISCOVERY_ACROSS_FILESYSTEM not set).
2025-02-20 10:16:46.951 [info] > git rev-parse --show-toplevel [3ms]
2025-02-20 10:16:46.951 [info] fatal: not a git repository (or any parent up to mount point /)
Stopping at filesystem boundary (GIT_DISCOVERY_ACROSS_FILESYSTEM not set).
2025-02-20 10:17:56.157 [info] > git check-ignore -v -z --stdin [1ms]
2025-02-20 10:24:46.335 [info] [main] Niveau du journal : Info
2025-02-20 10:24:46.336 [info] [main] Validation du git trouvé dans : «git»
2025-02-20 10:24:46.336 [info] [main] Utilisation de git "2.45.2" de "git»
2025-02-20 10:24:46.336 [info] [Model][doInitialScan] Initial repository scan started
2025-02-20 10:24:46.336 [info] > git rev-parse --show-toplevel [1ms]
2025-02-20 10:24:46.336 [info] fatal: not a git repository (or any of the parent directories): .git
2025-02-20 10:24:46.336 [info] > git rev-parse --show-toplevel [4ms]
2025-02-20 10:24:46.336 [info] fatal: not a git repository (or any parent up to mount point /)
Stopping at filesystem boundary (GIT_DISCOVERY_ACROSS_FILESYSTEM not set).
2025-02-20 10:24:46.336 [warning] [Model][traverseWorkspaceFolder] Unable to read workspace folder '/lost+found': Error: EACCES: permission denied, scandir '/lost+found'
2025-02-20 10:24:46.336 [warning] [Model][traverseWorkspaceFolder] Unable to read workspace folder '/root': Error: EACCES: permission denied, scandir '/root'
2025-02-20 10:24:46.336 [info] > git rev-parse --show-toplevel [1ms]
2025-02-20 10:24:46.336 [info] fatal: not a git repository (or any parent up to mount point /)
Stopping at filesystem boundary (GIT_DISCOVERY_ACROSS_FILESYSTEM not set).
2025-02-20 10:24:46.336 [info] > git rev-parse --show-toplevel [1ms]
2025-02-20 10:24:46.336 [info] fatal: not a git repository (or any parent up to mount point /)
Stopping at filesystem boundary (GIT_DISCOVERY_ACROSS_FILESYSTEM not set).
2025-02-20 10:24:46.336 [info] > git rev-parse --show-toplevel [1ms]
2025-02-20 10:24:46.336 [info] fatal: not a git repository (or any of the parent directories): .git
2025-02-20 10:24:46.336 [info] > git rev-parse --show-toplevel [0ms]
2025-02-20 10:24:46.336 [info] fatal: not a git repository (or any of the parent directories): .git
2025-02-20 10:24:46.336 [info] > git rev-parse --show-toplevel [1ms]
2025-02-20 10:24:46.336 [info] fatal: not a git repository (or any of the parent directories): .git
2025-02-20 10:24:46.336 [info] > git rev-parse --show-toplevel [1ms]
2025-02-20 10:24:46.336 [info] fatal: not a git repository (or any of the parent directories): .git
2025-02-20 10:24:46.336 [info] > git rev-parse --show-toplevel [1ms]
2025-02-20 10:24:46.336 [info] fatal: not a git repository (or any of the parent directories): .git
2025-02-20 10:24:46.336 [info] > git rev-parse --show-toplevel [1ms]
2025-02-20 10:24:46.336 [info] fatal: not a git repository (or any parent up to mount point /)
Stopping at filesystem boundary (GIT_DISCOVERY_ACROSS_FILESYSTEM not set).
2025-02-20 10:24:46.336 [info] > git rev-parse --show-toplevel [0ms]
2025-02-20 10:24:46.336 [info] fatal: not a git repository (or any parent up to mount point /)
Stopping at filesystem boundary (GIT_DISCOVERY_ACROSS_FILESYSTEM not set).
2025-02-20 10:24:46.336 [info] > git rev-parse --show-toplevel [1ms]
2025-02-20 10:24:46.336 [info] fatal: not a git repository (or any of the parent directories): .git
2025-02-20 10:24:46.336 [info] > git rev-parse --show-toplevel [1ms]
2025-02-20 10:24:46.336 [info] fatal: not a git repository (or any of the parent directories): .git
2025-02-20 10:24:46.336 [info] > git rev-parse --show-toplevel [1ms]
2025-02-20 10:24:46.336 [info] fatal: not a git repository (or any parent up to mount point /)
Stopping at filesystem boundary (GIT_DISCOVERY_ACROSS_FILESYSTEM not set).
2025-02-20 10:24:46.336 [info] > git rev-parse --show-toplevel [1ms]
2025-02-20 10:24:46.336 [info] fatal: not a git repository (or any parent up to mount point /)
Stopping at filesystem boundary (GIT_DISCOVERY_ACROSS_FILESYSTEM not set).
2025-02-20 10:24:46.336 [info] > git rev-parse --show-toplevel [0ms]
2025-02-20 10:24:46.336 [info] fatal: not a git repository (or any of the parent directories): .git
2025-02-20 10:24:46.336 [info] > git rev-parse --show-toplevel [1ms]
2025-02-20 10:24:46.336 [info] fatal: not a git repository (or any of the parent directories): .git
2025-02-20 10:24:46.336 [info] [Model][doInitialScan] Initial repository scan completed - repositories (0), closed repositories (0), parent repositories (0), unsafe repositories (0)
2025-02-20 10:40:40.129 [info] [main] Niveau du journal : Info
2025-02-20 10:40:40.130 [info] [main] Validation du git trouvé dans : «git»
2025-02-20 10:40:40.130 [info] [main] Utilisation de git "2.45.2" de "git»
2025-02-20 10:40:40.130 [info] [Model][doInitialScan] Initial repository scan started
2025-02-20 10:40:40.130 [info] > git rev-parse --show-toplevel [2ms]
2025-02-20 10:40:40.130 [info] fatal: not a git repository (or any of the parent directories): .git
2025-02-20 10:40:40.130 [info] > git rev-parse --show-toplevel [1ms]
2025-02-20 10:40:40.130 [info] fatal: not a git repository (or any parent up to mount point /)
Stopping at filesystem boundary (GIT_DISCOVERY_ACROSS_FILESYSTEM not set).
2025-02-20 10:40:40.130 [warning] [Model][traverseWorkspaceFolder] Unable to read workspace folder '/lost+found': Error: EACCES: permission denied, scandir '/lost+found'
2025-02-20 10:40:40.130 [warning] [Model][traverseWorkspaceFolder] Unable to read workspace folder '/root': Error: EACCES: permission denied, scandir '/root'
2025-02-20 10:40:40.130 [info] > git rev-parse --show-toplevel [1ms]
2025-02-20 10:40:40.130 [info] fatal: not a git repository (or any parent up to mount point /)
Stopping at filesystem boundary (GIT_DISCOVERY_ACROSS_FILESYSTEM not set).
2025-02-20 10:40:40.130 [info] > git rev-parse --show-toplevel [1ms]
2025-02-20 10:40:40.130 [info] fatal: not a git repository (or any parent up to mount point /)
Stopping at filesystem boundary (GIT_DISCOVERY_ACROSS_FILESYSTEM not set).
2025-02-20 10:40:40.130 [info] > git rev-parse --show-toplevel [1ms]
2025-02-20 10:40:40.130 [info] fatal: not a git repository (or any of the parent directories): .git
2025-02-20 10:40:40.130 [info] > git rev-parse --show-toplevel [1ms]
2025-02-20 10:40:40.130 [info] fatal: not a git repository (or any of the parent directories): .git
2025-02-20 10:40:40.130 [info] > git rev-parse --show-toplevel [1ms]
2025-02-20 10:40:40.130 [info] fatal: not a git repository (or any of the parent directories): .git
2025-02-20 10:40:40.130 [info] > git rev-parse --show-toplevel [1ms]
2025-02-20 10:40:40.130 [info] fatal: not a git repository (or any of the parent directories): .git
2025-02-20 10:40:40.130 [info] > git rev-parse --show-toplevel [2ms]
2025-02-20 10:40:40.130 [info] fatal: not a git repository (or any of the parent directories): .git
2025-02-20 10:40:40.130 [info] > git rev-parse --show-toplevel [1ms]
2025-02-20 10:40:40.130 [info] fatal: not a git repository (or any parent up to mount point /)
Stopping at filesystem boundary (GIT_DISCOVERY_ACROSS_FILESYSTEM not set).
2025-02-20 10:40:40.130 [info] > git rev-parse --show-toplevel [1ms]
2025-02-20 10:40:40.130 [info] fatal: not a git repository (or any parent up to mount point /)
Stopping at filesystem boundary (GIT_DISCOVERY_ACROSS_FILESYSTEM not set).
2025-02-20 10:40:40.130 [info] > git rev-parse --show-toplevel [1ms]
2025-02-20 10:40:40.130 [info] fatal: not a git repository (or any of the parent directories): .git
2025-02-20 10:40:40.130 [info] > git rev-parse --show-toplevel [1ms]
2025-02-20 10:40:40.130 [info] fatal: not a git repository (or any of the parent directories): .git
2025-02-20 10:40:40.130 [info] > git rev-parse --show-toplevel [1ms]
2025-02-20 10:40:40.130 [info] fatal: not a git repository (or any parent up to mount point /)
Stopping at filesystem boundary (GIT_DISCOVERY_ACROSS_FILESYSTEM not set).
2025-02-20 10:40:40.130 [info] > git rev-parse --show-toplevel [1ms]
2025-02-20 10:40:40.130 [info] fatal: not a git repository (or any parent up to mount point /)
Stopping at filesystem boundary (GIT_DISCOVERY_ACROSS_FILESYSTEM not set).
2025-02-20 10:40:40.130 [info] > git rev-parse --show-toplevel [1ms]
2025-02-20 10:40:40.130 [info] fatal: not a git repository (or any of the parent directories): .git
2025-02-20 10:40:40.130 [info] > git rev-parse --show-toplevel [1ms]
2025-02-20 10:40:40.130 [info] fatal: not a git repository (or any of the parent directories): .git
2025-02-20 10:40:40.130 [info] [Model][doInitialScan] Initial repository scan completed - repositories (0), closed repositories (0), parent repositories (0), unsafe repositories (0)
2025-02-20 10:42:51.437 [info] > git rev-parse --show-toplevel [3ms]
2025-02-20 10:42:51.466 [info] > git rev-parse --git-dir --git-common-dir [1ms]
2025-02-20 10:42:51.484 [info] [Model][openRepository] Opened repository: /var/backups
2025-02-20 10:42:51.540 [info] > git config --get commit.template [29ms]
2025-02-20 10:42:51.544 [info] > git for-each-ref --format=%(refname)%00%(upstream:short)%00%(objectname)%00%(upstream:track)%00%(upstream:remotename)%00%(upstream:remoteref) refs/heads/main refs/remotes/main [6ms]
2025-02-20 10:42:51.598 [info] > git status -z -uall [26ms]
2025-02-20 10:42:51.598 [info] > git for-each-ref --sort -committerdate --format %(refname) %(objectname) %(*objectname) [2ms]
2025-02-20 10:42:51.666 [info] > git for-each-ref --format=%(refname)%00%(upstream:short)%00%(objectname)%00%(upstream:track)%00%(upstream:remotename)%00%(upstream:remoteref) refs/heads/main refs/remotes/main [29ms]
2025-02-20 10:42:51.691 [info] > git config --get commit.template [25ms]
2025-02-20 10:42:51.691 [info] > git config --get --local branch.main.vscode-merge-base [5ms]
2025-02-20 10:42:51.691 [warning] [Git][config] git config failed: Failed to execute git
2025-02-20 10:42:51.782 [info] > git reflog main --grep-reflog=branch: Created from *. [66ms]
2025-02-20 10:42:51.798 [info] > git for-each-ref --format=%(refname)%00%(upstream:short)%00%(objectname)%00%(upstream:track)%00%(upstream:remotename)%00%(upstream:remoteref) refs/heads/main refs/remotes/main [20ms]
2025-02-20 10:42:51.850 [info] > git status -z -uall [23ms]
2025-02-20 10:42:51.850 [info] > git symbolic-ref --short refs/remotes/origin/HEAD [55ms]
2025-02-20 10:42:51.850 [info] fatal: ref refs/remotes/origin/HEAD is not a symbolic ref
2025-02-20 10:42:51.850 [warning] [Repository][getDefaultBranch] Failed to get default branch details: Failed to execute git.
2025-02-20 10:42:51.852 [info] > git for-each-ref --sort -committerdate --format %(refname) %(objectname) %(*objectname) [5ms]
2025-02-20 10:42:52.347 [info] > git show --textconv :backup_vps.sh [49ms]
2025-02-20 10:42:52.347 [info] > git show --textconv HEAD:backup_vps.sh [34ms]
2025-02-20 10:42:52.347 [info] > git check-ignore -v -z --stdin [2ms]
2025-02-20 10:42:52.348 [info] > git ls-tree -l HEAD -- /var/backups/backup_vps.sh [16ms]
2025-02-20 10:42:52.375 [info] > git ls-files --stage -- /var/backups/backup_vps.sh [53ms]
2025-02-20 10:42:52.402 [info] > git cat-file -s 86422a0a37211a87f7713bc9a29bb0829ffd7d1a [14ms]
2025-02-20 10:42:52.402 [info] > git hash-object -t tree /dev/null [27ms]
2025-02-20 10:42:52.402 [warning] [GitFileSystemProvider][stat] File not found - git:/var/backups/backup_vps.sh.git?%7B%22path%22%3A%22%2Fvar%2Fbackups%2Fbackup_vps.sh%22%2C%22ref%22%3A%22HEAD%22%7D
2025-02-20 10:42:52.408 [info] > git hash-object -t tree /dev/null [8ms]
2025-02-20 10:42:52.408 [warning] [GitFileSystemProvider][readFile] File not found - git:/var/backups/backup_vps.sh.git?%7B%22path%22%3A%22%2Fvar%2Fbackups%2Fbackup_vps.sh%22%2C%22ref%22%3A%22HEAD%22%7D
2025-02-20 10:42:52.862 [info] > git blame --root --incremental 7f7f20e06f216f19ae112a2e4cdb8459bca8aadc -- /var/backups/backup_vps.sh [4ms]
2025-02-20 10:42:52.862 [info] fatal: no such path backup_vps.sh in 7f7f20e06f216f19ae112a2e4cdb8459bca8aadc
2025-02-20 10:43:02.933 [info] > git config --get commit.template [25ms]
2025-02-20 10:43:02.933 [info] > git for-each-ref --format=%(refname)%00%(upstream:short)%00%(objectname)%00%(upstream:track)%00%(upstream:remotename)%00%(upstream:remoteref) refs/heads/main refs/remotes/main [1ms]
2025-02-20 10:43:02.977 [info] > git status -z -uall [17ms]
2025-02-20 10:43:02.978 [info] > git for-each-ref --sort -committerdate --format %(refname) %(objectname) %(*objectname) [2ms]
2025-02-20 10:43:12.773 [info] > git config --get commit.template [29ms]
2025-02-20 10:43:12.773 [info] > git for-each-ref --format=%(refname)%00%(upstream:short)%00%(objectname)%00%(upstream:track)%00%(upstream:remotename)%00%(upstream:remoteref) refs/heads/main refs/remotes/main [1ms]
2025-02-20 10:43:12.826 [info] > git status -z -uall [23ms]
2025-02-20 10:43:12.831 [info] > git for-each-ref --sort -committerdate --format %(refname) %(objectname) %(*objectname) [6ms]
2025-02-20 10:43:45.555 [info] > git config --get commit.template [33ms]
2025-02-20 10:43:45.556 [info] > git for-each-ref --format=%(refname)%00%(upstream:short)%00%(objectname)%00%(upstream:track)%00%(upstream:remotename)%00%(upstream:remoteref) refs/heads/main refs/remotes/main [1ms]
2025-02-20 10:43:45.622 [info] > git status -z -uall [31ms]
2025-02-20 10:43:45.626 [info] > git for-each-ref --sort -committerdate --format %(refname) %(objectname) %(*objectname) [5ms]
2025-02-20 10:44:41.968 [info] [Git][getRemotes] No remotes found in the git config file
2025-02-20 10:44:41.969 [info] > git config --get commit.template [37ms]
2025-02-20 10:44:41.969 [info] > git for-each-ref --format=%(refname)%00%(upstream:short)%00%(objectname)%00%(upstream:track)%00%(upstream:remotename)%00%(upstream:remoteref) refs/heads/main refs/remotes/main [1ms]
2025-02-20 10:44:42.024 [info] > git status -z -uall [23ms]
2025-02-20 10:44:42.028 [info] > git for-each-ref --sort -committerdate --format %(refname) %(objectname) %(*objectname) [5ms]
2025-02-20 10:44:53.295 [info] > git config --get commit.template [1ms]
2025-02-20 10:44:53.339 [info] > git for-each-ref --format=%(refname)%00%(upstream:short)%00%(objectname)%00%(upstream:track)%00%(upstream:remotename)%00%(upstream:remoteref) refs/heads/main refs/remotes/main [5ms]
2025-02-20 10:44:53.386 [info] > git status -z -uall [21ms]
2025-02-20 10:44:53.389 [info] > git for-each-ref --sort -committerdate --format %(refname) %(objectname) %(*objectname) [4ms]
2025-02-20 10:45:09.854 [info] > git config --get commit.template [3ms]
2025-02-20 10:45:09.876 [info] > git for-each-ref --format=%(refname)%00%(upstream:short)%00%(objectname)%00%(upstream:track)%00%(upstream:remotename)%00%(upstream:remoteref) refs/heads/main refs/remotes/main [3ms]
2025-02-20 10:45:09.912 [info] > git status -z -uall [16ms]
2025-02-20 10:45:09.912 [info] > git for-each-ref --sort -committerdate --format %(refname) %(objectname) %(*objectname) [1ms]
2025-02-20 10:46:03.446 [info] > git config --get commit.template [4ms]
2025-02-20 10:46:03.481 [info] > git for-each-ref --format=%(refname)%00%(upstream:short)%00%(objectname)%00%(upstream:track)%00%(upstream:remotename)%00%(upstream:remoteref) refs/heads/main refs/remotes/main [1ms]
2025-02-20 10:46:03.533 [info] > git status -z -uall [23ms]
2025-02-20 10:46:03.536 [info] > git for-each-ref --sort -committerdate --format %(refname) %(objectname) %(*objectname) [3ms]
2025-02-20 10:52:39.319 [info] > git config --get commit.template [70ms]
2025-02-20 10:52:39.319 [info] > git for-each-ref --format=%(refname)%00%(upstream:short)%00%(objectname)%00%(upstream:track)%00%(upstream:remotename)%00%(upstream:remoteref) refs/heads/main refs/remotes/main [2ms]
2025-02-20 10:52:39.453 [info] > git status -z -uall [68ms]
2025-02-20 10:52:39.454 [info] > git for-each-ref --sort -committerdate --format %(refname) %(objectname) %(*objectname) [2ms]
2025-02-20 10:52:48.569 [info] > git config --get commit.template [3ms]
2025-02-20 10:52:48.656 [info] > git for-each-ref --format=%(refname)%00%(upstream:short)%00%(objectname)%00%(upstream:track)%00%(upstream:remotename)%00%(upstream:remoteref) refs/heads/main refs/remotes/main [4ms]
2025-02-20 10:52:48.812 [info] > git status -z -uall [76ms]
2025-02-20 10:52:48.812 [info] > git for-each-ref --sort -committerdate --format %(refname) %(objectname) %(*objectname) [1ms]
2025-02-20 10:54:01.314 [info] > git config --get commit.template [177ms]
2025-02-20 10:54:01.318 [info] > git for-each-ref --format=%(refname)%00%(upstream:short)%00%(objectname)%00%(upstream:track)%00%(upstream:remotename)%00%(upstream:remoteref) refs/heads/main refs/remotes/main [5ms]
2025-02-20 10:54:01.490 [info] > git status -z -uall [80ms]
2025-02-20 10:54:01.490 [info] > git for-each-ref --sort -committerdate --format %(refname) %(objectname) %(*objectname) [1ms]
2025-02-20 10:54:47.542 [info] > git config --get commit.template [131ms]
2025-02-20 10:54:47.555 [info] > git for-each-ref --format=%(refname)%00%(upstream:short)%00%(objectname)%00%(upstream:track)%00%(upstream:remotename)%00%(upstream:remoteref) refs/heads/main refs/remotes/main [17ms]
2025-02-20 10:54:47.762 [info] > git status -z -uall [103ms]
2025-02-20 10:54:47.766 [info] > git for-each-ref --sort -committerdate --format %(refname) %(objectname) %(*objectname) [5ms]
2025-02-20 10:55:23.139 [info] [main] Niveau du journal : Info
2025-02-20 10:55:23.139 [info] [main] Validation du git trouvé dans : «git»
2025-02-20 10:55:23.139 [info] [main] Utilisation de git "2.45.2" de "git»
2025-02-20 10:55:23.139 [info] [Model][doInitialScan] Initial repository scan started
2025-02-20 10:55:23.139 [info] > git rev-parse --show-toplevel [4ms]
2025-02-20 10:55:23.139 [info] fatal: not a git repository (or any of the parent directories): .git
2025-02-20 10:55:23.139 [warning] [Model][traverseWorkspaceFolder] Unable to read workspace folder '/lost+found': Error: EACCES: permission denied, scandir '/lost+found'
2025-02-20 10:55:23.139 [warning] [Model][traverseWorkspaceFolder] Unable to read workspace folder '/root': Error: EACCES: permission denied, scandir '/root'
2025-02-20 10:55:23.139 [info] > git rev-parse --show-toplevel [2ms]
2025-02-20 10:55:23.139 [info] fatal: not a git repository (or any parent up to mount point /)
Stopping at filesystem boundary (GIT_DISCOVERY_ACROSS_FILESYSTEM not set).
2025-02-20 10:55:23.139 [info] > git rev-parse --show-toplevel [2ms]
2025-02-20 10:55:23.139 [info] fatal: not a git repository (or any parent up to mount point /)
Stopping at filesystem boundary (GIT_DISCOVERY_ACROSS_FILESYSTEM not set).
2025-02-20 10:55:23.139 [info] > git rev-parse --show-toplevel [0ms]
2025-02-20 10:55:23.139 [info] fatal: not a git repository (or any of the parent directories): .git
2025-02-20 10:55:23.139 [info] > git rev-parse --show-toplevel [0ms]
2025-02-20 10:55:23.139 [info] fatal: not a git repository (or any of the parent directories): .git
2025-02-20 10:55:23.139 [info] > git rev-parse --show-toplevel [0ms]
2025-02-20 10:55:23.139 [info] fatal: not a git repository (or any of the parent directories): .git
2025-02-20 10:55:23.139 [info] > git rev-parse --show-toplevel [2ms]
2025-02-20 10:55:23.139 [info] fatal: not a git repository (or any of the parent directories): .git
2025-02-20 10:55:23.139 [info] > git rev-parse --show-toplevel [1ms]
2025-02-20 10:55:23.139 [info] fatal: not a git repository (or any of the parent directories): .git
2025-02-20 10:55:23.139 [info] > git rev-parse --show-toplevel [1ms]
2025-02-20 10:55:23.139 [info] fatal: not a git repository (or any parent up to mount point /)
Stopping at filesystem boundary (GIT_DISCOVERY_ACROSS_FILESYSTEM not set).
2025-02-20 10:55:23.139 [info] > git rev-parse --show-toplevel [1ms]
2025-02-20 10:55:23.139 [info] fatal: not a git repository (or any parent up to mount point /)
Stopping at filesystem boundary (GIT_DISCOVERY_ACROSS_FILESYSTEM not set).
2025-02-20 10:55:23.139 [info] > git rev-parse --show-toplevel [0ms]
2025-02-20 10:55:23.139 [info] fatal: not a git repository (or any of the parent directories): .git
2025-02-20 10:55:23.139 [info] > git rev-parse --show-toplevel [1ms]
2025-02-20 10:55:23.139 [info] fatal: not a git repository (or any of the parent directories): .git
2025-02-20 10:55:23.139 [info] > git rev-parse --show-toplevel [1ms]
2025-02-20 10:55:23.139 [info] fatal: not a git repository (or any parent up to mount point /)
Stopping at filesystem boundary (GIT_DISCOVERY_ACROSS_FILESYSTEM not set).
2025-02-20 10:55:23.139 [info] > git rev-parse --show-toplevel [1ms]
2025-02-20 10:55:23.139 [info] fatal: not a git repository (or any parent up to mount point /)
Stopping at filesystem boundary (GIT_DISCOVERY_ACROSS_FILESYSTEM not set).
2025-02-20 10:55:23.139 [info] > git rev-parse --show-toplevel [1ms]
2025-02-20 10:55:23.139 [info] fatal: not a git repository (or any of the parent directories): .git
2025-02-20 10:55:23.139 [info] > git rev-parse --show-toplevel [1ms]
2025-02-20 10:55:23.139 [info] fatal: not a git repository (or any of the parent directories): .git
2025-02-20 10:55:23.139 [info] [Model][doInitialScan] Initial repository scan completed - repositories (0), closed repositories (0), parent repositories (0), unsafe repositories (0)
