2025-02-22 14:13:36.870 [info] [main] Niveau du journal : Info
2025-02-22 14:13:36.870 [info] [main] Validation du git trouvé dans : «git»
2025-02-22 14:13:36.870 [info] [main] Utilisation de git "2.45.2" de "git»
2025-02-22 14:13:36.870 [info] [Model][doInitialScan] Initial repository scan started
2025-02-22 14:13:36.870 [info] > git rev-parse --show-toplevel [4ms]
2025-02-22 14:13:36.870 [info] fatal: not a git repository (or any of the parent directories): .git
2025-02-22 14:13:36.870 [warning] [Model][traverseWorkspaceFolder] Unable to read workspace folder '/lost+found': Error: EACCES: permission denied, scandir '/lost+found'
2025-02-22 14:13:36.870 [warning] [Model][traverseWorkspaceFolder] Unable to read workspace folder '/root': Error: EACCES: permission denied, scandir '/root'
2025-02-22 14:13:36.870 [info] > git rev-parse --show-toplevel [1ms]
2025-02-22 14:13:36.870 [info] fatal: not a git repository (or any parent up to mount point /)
Stopping at filesystem boundary (GIT_DISCOVERY_ACROSS_FILESYSTEM not set).
2025-02-22 14:13:36.870 [info] > git rev-parse --show-toplevel [2ms]
2025-02-22 14:13:36.870 [info] fatal: not a git repository (or any parent up to mount point /)
Stopping at filesystem boundary (GIT_DISCOVERY_ACROSS_FILESYSTEM not set).
2025-02-22 14:13:36.870 [info] > git rev-parse --show-toplevel [2ms]
2025-02-22 14:13:36.870 [info] fatal: not a git repository (or any of the parent directories): .git
2025-02-22 14:13:36.870 [info] > git rev-parse --show-toplevel [37ms]
2025-02-22 14:13:36.870 [info] fatal: not a git repository (or any of the parent directories): .git
2025-02-22 14:13:36.870 [info] > git rev-parse --show-toplevel [3ms]
2025-02-22 14:13:36.870 [info] fatal: not a git repository (or any of the parent directories): .git
2025-02-22 14:13:36.870 [info] > git rev-parse --show-toplevel [2ms]
2025-02-22 14:13:36.870 [info] fatal: not a git repository (or any of the parent directories): .git
2025-02-22 14:13:36.929 [info] > git rev-parse --show-toplevel [1ms]
2025-02-22 14:13:36.929 [info] fatal: not a git repository (or any of the parent directories): .git
2025-02-22 14:13:36.990 [info] > git rev-parse --show-toplevel [2ms]
2025-02-22 14:13:36.990 [info] fatal: not a git repository (or any parent up to mount point /)
Stopping at filesystem boundary (GIT_DISCOVERY_ACROSS_FILESYSTEM not set).
2025-02-22 14:13:37.051 [info] > git rev-parse --show-toplevel [2ms]
2025-02-22 14:13:37.051 [info] fatal: not a git repository (or any parent up to mount point /)
Stopping at filesystem boundary (GIT_DISCOVERY_ACROSS_FILESYSTEM not set).
2025-02-22 14:13:37.112 [info] > git rev-parse --show-toplevel [1ms]
2025-02-22 14:13:37.112 [info] fatal: not a git repository (or any of the parent directories): .git
2025-02-22 14:13:37.173 [info] > git rev-parse --show-toplevel [2ms]
2025-02-22 14:13:37.173 [info] fatal: not a git repository (or any of the parent directories): .git
2025-02-22 14:13:37.235 [info] > git rev-parse --show-toplevel [1ms]
2025-02-22 14:13:37.235 [info] fatal: not a git repository (or any parent up to mount point /)
Stopping at filesystem boundary (GIT_DISCOVERY_ACROSS_FILESYSTEM not set).
2025-02-22 14:13:37.297 [info] > git rev-parse --show-toplevel [2ms]
2025-02-22 14:13:37.297 [info] fatal: not a git repository (or any parent up to mount point /)
Stopping at filesystem boundary (GIT_DISCOVERY_ACROSS_FILESYSTEM not set).
2025-02-22 14:13:37.358 [info] > git rev-parse --show-toplevel [1ms]
2025-02-22 14:13:37.358 [info] fatal: not a git repository (or any of the parent directories): .git
2025-02-22 14:13:37.423 [info] > git rev-parse --show-toplevel [1ms]
2025-02-22 14:13:37.423 [info] fatal: not a git repository (or any of the parent directories): .git
2025-02-22 14:13:37.431 [info] [Model][doInitialScan] Initial repository scan completed - repositories (0), closed repositories (0), parent repositories (0), unsafe repositories (0)
2025-02-22 14:13:39.076 [info] > git rev-parse --show-toplevel [1ms]
2025-02-22 14:13:39.077 [info] fatal: not a git repository (or any of the parent directories): .git
2025-02-22 14:15:20.156 [info] [main] Niveau du journal : Info
2025-02-22 14:15:20.156 [info] [main] Validation du git trouvé dans : «git»
2025-02-22 14:15:20.156 [info] [main] Utilisation de git "2.45.2" de "git»
2025-02-22 14:15:20.156 [info] [Model][doInitialScan] Initial repository scan started
2025-02-22 14:15:20.156 [warning] [Model][traverseWorkspaceFolder] Unable to read workspace folder '/lost+found': Error: EACCES: permission denied, scandir '/lost+found'
2025-02-22 14:15:20.156 [warning] [Model][traverseWorkspaceFolder] Unable to read workspace folder '/root': Error: EACCES: permission denied, scandir '/root'
2025-02-22 14:15:20.156 [info] > git rev-parse --show-toplevel [3ms]
2025-02-22 14:15:20.156 [info] fatal: not a git repository (or any of the parent directories): .git
2025-02-22 14:15:20.156 [info] > git rev-parse --show-toplevel [1ms]
2025-02-22 14:15:20.156 [info] fatal: not a git repository (or any parent up to mount point /)
Stopping at filesystem boundary (GIT_DISCOVERY_ACROSS_FILESYSTEM not set).
2025-02-22 14:15:20.156 [info] > git rev-parse --show-toplevel [1ms]
2025-02-22 14:15:20.156 [info] fatal: not a git repository (or any parent up to mount point /)
Stopping at filesystem boundary (GIT_DISCOVERY_ACROSS_FILESYSTEM not set).
2025-02-22 14:15:20.156 [info] > git rev-parse --show-toplevel [1ms]
2025-02-22 14:15:20.156 [info] fatal: not a git repository (or any of the parent directories): .git
2025-02-22 14:15:20.156 [info] > git rev-parse --show-toplevel [0ms]
2025-02-22 14:15:20.156 [info] fatal: not a git repository (or any of the parent directories): .git
2025-02-22 14:15:20.156 [info] > git rev-parse --show-toplevel [1ms]
2025-02-22 14:15:20.156 [info] fatal: not a git repository (or any of the parent directories): .git
2025-02-22 14:15:20.156 [info] > git rev-parse --show-toplevel [1ms]
2025-02-22 14:15:20.156 [info] fatal: not a git repository (or any of the parent directories): .git
2025-02-22 14:15:20.156 [info] > git rev-parse --show-toplevel [1ms]
2025-02-22 14:15:20.156 [info] fatal: not a git repository (or any of the parent directories): .git
2025-02-22 14:15:20.156 [info] > git rev-parse --show-toplevel [1ms]
2025-02-22 14:15:20.156 [info] fatal: not a git repository (or any parent up to mount point /)
Stopping at filesystem boundary (GIT_DISCOVERY_ACROSS_FILESYSTEM not set).
2025-02-22 14:15:20.156 [info] > git rev-parse --show-toplevel [1ms]
2025-02-22 14:15:20.156 [info] fatal: not a git repository (or any parent up to mount point /)
Stopping at filesystem boundary (GIT_DISCOVERY_ACROSS_FILESYSTEM not set).
2025-02-22 14:15:20.156 [info] > git rev-parse --show-toplevel [1ms]
2025-02-22 14:15:20.156 [info] fatal: not a git repository (or any of the parent directories): .git
2025-02-22 14:15:20.156 [info] > git rev-parse --show-toplevel [1ms]
2025-02-22 14:15:20.156 [info] fatal: not a git repository (or any of the parent directories): .git
2025-02-22 14:15:20.156 [info] > git rev-parse --show-toplevel [0ms]
2025-02-22 14:15:20.156 [info] fatal: not a git repository (or any parent up to mount point /)
Stopping at filesystem boundary (GIT_DISCOVERY_ACROSS_FILESYSTEM not set).
2025-02-22 14:15:20.156 [info] > git rev-parse --show-toplevel [1ms]
2025-02-22 14:15:20.156 [info] fatal: not a git repository (or any parent up to mount point /)
Stopping at filesystem boundary (GIT_DISCOVERY_ACROSS_FILESYSTEM not set).
2025-02-22 14:15:20.156 [info] > git rev-parse --show-toplevel [1ms]
2025-02-22 14:15:20.156 [info] fatal: not a git repository (or any of the parent directories): .git
2025-02-22 14:15:20.156 [info] > git rev-parse --show-toplevel [1ms]
2025-02-22 14:15:20.156 [info] fatal: not a git repository (or any of the parent directories): .git
2025-02-22 14:15:20.156 [info] [Model][doInitialScan] Initial repository scan completed - repositories (0), closed repositories (0), parent repositories (0), unsafe repositories (0)
2025-02-22 14:17:58.684 [info] > git rev-parse --show-toplevel [2ms]
2025-02-22 14:17:58.684 [info] fatal: not a git repository (or any of the parent directories): .git
2025-02-22 14:43:11.231 [info] > git rev-parse --show-toplevel [1ms]
2025-02-22 14:43:11.231 [info] fatal: not a git repository (or any of the parent directories): .git
2025-02-22 14:43:50.833 [info] > git rev-parse --show-toplevel [1ms]
2025-02-22 14:43:50.834 [info] fatal: not a git repository (or any of the parent directories): .git
2025-02-22 14:55:07.783 [info] > git rev-parse --show-toplevel [1ms]
2025-02-22 14:55:07.783 [info] fatal: detected dubious ownership in repository at '/home/HuginnProject-system-users'
To add an exception for this directory, call:

	git config --global --add safe.directory /home/HuginnProject-system-users
2025-02-22 15:03:00.659 [info] > git rev-parse --show-toplevel [3ms]
2025-02-22 15:03:00.664 [info] > git rev-parse --git-dir --git-common-dir [1ms]
2025-02-22 15:03:00.672 [info] [Model][openRepository] Opened repository: /var/backups
2025-02-22 15:03:00.681 [info] > git config --get commit.template [4ms]
2025-02-22 15:03:00.682 [info] > git for-each-ref --format=%(refname)%00%(upstream:short)%00%(objectname)%00%(upstream:track)%00%(upstream:remotename)%00%(upstream:remoteref) refs/heads/main refs/remotes/main [2ms]
2025-02-22 15:03:00.692 [info] > git for-each-ref --sort -committerdate --format %(refname) %(objectname) %(*objectname) [3ms]
2025-02-22 15:03:01.412 [info] > git check-ignore -v -z --stdin [1ms]
2025-02-22 15:03:01.702 [info] > git show --textconv :test.txt [4ms]
2025-02-22 15:03:01.703 [info] > git ls-files --stage -- /var/backups/test.txt [2ms]
2025-02-22 15:03:01.706 [info] > git cat-file -s 1f1a07bdcd811e0de3eb6291394bfb876f569fe6 [1ms]
2025-02-22 15:03:02.015 [info] > git status -z -uall [1329ms]
2025-02-22 15:03:02.037 [info] > git for-each-ref --format=%(refname)%00%(upstream:short)%00%(objectname)%00%(upstream:track)%00%(upstream:remotename)%00%(upstream:remoteref) refs/heads/main refs/remotes/main [6ms]
2025-02-22 15:03:02.041 [info] > git config --get commit.template [5ms]
2025-02-22 15:03:02.044 [info] > git config --get --local branch.main.vscode-merge-base [4ms]
2025-02-22 15:03:02.044 [warning] [Git][config] git config failed: Failed to execute git
2025-02-22 15:03:02.048 [info] > git for-each-ref --format=%(refname)%00%(upstream:short)%00%(objectname)%00%(upstream:track)%00%(upstream:remotename)%00%(upstream:remoteref) refs/heads/main refs/remotes/main [4ms]
2025-02-22 15:03:02.055 [info] > git reflog main --grep-reflog=branch: Created from *. [8ms]
2025-02-22 15:03:02.059 [info] > git for-each-ref --sort -committerdate --format %(refname) %(objectname) %(*objectname) [5ms]
2025-02-22 15:03:02.060 [info] > git symbolic-ref --short refs/remotes/origin/HEAD [2ms]
2025-02-22 15:03:02.060 [info] fatal: ref refs/remotes/origin/HEAD is not a symbolic ref
2025-02-22 15:03:02.060 [warning] [Repository][getDefaultBranch] Failed to get default branch details: Failed to execute git.
2025-02-22 15:03:02.891 [info] > git status -z -uall [840ms]
2025-02-22 15:03:07.417 [info] > git check-ignore -v -z --stdin [1ms]
2025-02-22 15:03:07.933 [info] > git config --get commit.template [3ms]
2025-02-22 15:03:07.933 [info] > git for-each-ref --format=%(refname)%00%(upstream:short)%00%(objectname)%00%(upstream:track)%00%(upstream:remotename)%00%(upstream:remoteref) refs/heads/main refs/remotes/main [1ms]
2025-02-22 15:03:07.940 [info] > git for-each-ref --sort -committerdate --format %(refname) %(objectname) %(*objectname) [1ms]
2025-02-22 15:03:08.764 [info] > git status -z -uall [828ms]
2025-02-22 15:03:12.480 [info] > git check-ignore -v -z --stdin [1ms]
2025-02-22 15:03:29.711 [info] > git config --get commit.template [2ms]
2025-02-22 15:03:29.714 [info] > git for-each-ref --format=%(refname)%00%(upstream:short)%00%(objectname)%00%(upstream:track)%00%(upstream:remotename)%00%(upstream:remoteref) refs/heads/main refs/remotes/main [1ms]
2025-02-22 15:03:29.721 [info] > git for-each-ref --sort -committerdate --format %(refname) %(objectname) %(*objectname) [1ms]
2025-02-22 15:03:30.549 [info] > git status -z -uall [832ms]
2025-02-22 15:03:31.406 [info] > git check-ignore -v -z --stdin [2ms]
2025-02-22 15:03:33.574 [info] > git check-ignore -v -z --stdin [1ms]
2025-02-22 15:03:35.558 [info] > git config --get commit.template [3ms]
2025-02-22 15:03:35.558 [info] > git for-each-ref --format=%(refname)%00%(upstream:short)%00%(objectname)%00%(upstream:track)%00%(upstream:remotename)%00%(upstream:remoteref) refs/heads/main refs/remotes/main [1ms]
2025-02-22 15:03:35.564 [info] > git for-each-ref --sort -committerdate --format %(refname) %(objectname) %(*objectname) [1ms]
2025-02-22 15:03:36.390 [info] > git status -z -uall [829ms]
2025-02-22 15:04:49.838 [info] > git rev-parse --show-toplevel [2ms]
2025-02-22 15:04:49.838 [info] fatal: detected dubious ownership in repository at '/home/HuginnProject-system-users'
To add an exception for this directory, call:

	git config --global --add safe.directory /home/HuginnProject-system-users
2025-02-22 15:17:10.931 [info] > git show --textconv :git/HuginnProject-system-users/README.md [4ms]
2025-02-22 15:17:10.936 [info] > git ls-files --stage -- /var/backups/git/HuginnProject-system-users/README.md [5ms]
2025-02-22 15:17:10.940 [info] > git hash-object -t tree /dev/null [5ms]
2025-02-22 15:17:10.940 [warning] [GitFileSystemProvider][readFile] File not found - git:/var/backups/git/HuginnProject-system-users/README.md.git?%7B%22path%22%3A%22%2Fvar%2Fbackups%2Fgit%2FHuginnProject-system-users%2FREADME.md%22%2C%22ref%22%3A%22%22%7D
2025-02-22 15:17:10.944 [info] > git hash-object -t tree /dev/null [5ms]
2025-02-22 15:17:10.944 [warning] [GitFileSystemProvider][stat] File not found - git:/var/backups/git/HuginnProject-system-users/README.md.git?%7B%22path%22%3A%22%2Fvar%2Fbackups%2Fgit%2FHuginnProject-system-users%2FREADME.md%22%2C%22ref%22%3A%22%22%7D
2025-02-22 15:17:11.975 [info] > git blame --root --incremental 9d5ba026f8c6868e05ce4d5d2aad96b9706ef8fe -- /var/backups/git/HuginnProject-system-users/README.md [2ms]
2025-02-22 15:17:11.975 [info] fatal: no such path git/HuginnProject-system-users/README.md in 9d5ba026f8c6868e05ce4d5d2aad96b9706ef8fe
